[2025-05-25 20:39:17] SESSION cart_summary:
Array
(
    [subtotal] => 2.83
    [promo_discount] => 0
    [delivery_fee] => 0
    [total] => 2.83
    [delivery_type] => pickup
    [applied_promo] => 
    [promo_id] => 
)

[2025-05-25 20:39:24] SESSION cart_summary:
Array
(
    [subtotal] => 2.83
    [promo_discount] => 0
    [delivery_fee] => 4.00
    [total] => 6.83
    [delivery_type] => delivery
    [applied_promo] => 
    [promo_id] => 
)

[2025-05-25 20:41:52] SESSION cart_summary:
Array
(
    [subtotal] => 9.53
    [promo_discount] => 0
    [delivery_fee] => 4.00
    [total] => 13.53
    [delivery_type] => delivery
    [applied_promo] => 
    [promo_id] => 
)

[2025-05-25 20:41:56] SESSION cart_summary:
Array
(
    [subtotal] => 9.53
    [promo_discount] => 0
    [delivery_fee] => 4.00
    [total] => 13.53
    [delivery_type] => delivery
    [applied_promo] => 
    [promo_id] => 
)

[2025-05-25 20:41:56] New submission with token: order_8m99qf1ou_1748198512983
[2025-05-25 20:41:56] Loaded cart from database:
Array
(
    [5] => Array
        (
            [product_id] => 5
            [quantity] => 1
            [price] => 2.83
            [name] => Nerds Candy
        )

    [30] => Array
        (
            [product_id] => 30
            [quantity] => 1
            [price] => 6.70
            [name] => Mac & Cheese "thick 'n creamy"
        )

)

[2025-05-25 20:41:56] Address inserted successfully, address_id=46
[2025-05-25 20:41:56] Order parameters for delivery:
Array
(
    [user_id] => 14
    [total_price] => 13.53
    [address_id] => 46
    [promo_code] => 
    [promo_id] => 
    [promo_discount] => 0
    [subtotal] => 9.53
    [delivery_fee] => 4.00
    [order_type] => delivery
)

[2025-05-25 20:41:56] Order inserted successfully, order_id=49
[2025-05-25 20:41:56] Processing cart_items:
Array
(
    [5] => Array
        (
            [product_id] => 5
            [quantity] => 1
            [price] => 2.83
            [name] => Nerds Candy
        )

    [30] => Array
        (
            [product_id] => 30
            [quantity] => 1
            [price] => 6.70
            [name] => Mac & Cheese "thick 'n creamy"
        )

)

[2025-05-25 20:41:56] Processing item:
Array
(
    [product_id] => 5
    [quantity] => 1
    [price] => 2.83
    [name] => Nerds Candy
)

[2025-05-25 20:41:56] Inserting order item: order_id=49, product_id=5, quantity=1, price=2.83
[2025-05-25 20:41:56] Successfully inserted order item
[2025-05-25 20:41:56] Processing item:
Array
(
    [product_id] => 30
    [quantity] => 1
    [price] => 6.70
    [name] => Mac & Cheese "thick 'n creamy"
)

[2025-05-25 20:41:56] Inserting order item: order_id=49, product_id=30, quantity=1, price=6.70
[2025-05-25 20:41:56] Successfully inserted order item
[2025-05-25 21:50:45] SESSION cart data:
Array
(
    [33] => Array
        (
            [quantity] => 1
            [added_date] => 2025-05-25 21:49:27
        )

    [12] => Array
        (
            [quantity] => 3
            [added_date] => 2025-05-25 21:50:04
        )

)

[2025-05-25 21:50:45] SESSION cart_summary:
Array
(
    [subtotal] => 74.19
    [promo_discount] => 7.419
    [delivery_fee] => 0
    [total] => 66.771
    [delivery_type] => delivery
    [applied_promo] => TEST
    [promo_id] => 18
)

[2025-05-25 21:50:50] SESSION cart data:
Array
(
    [33] => Array
        (
            [quantity] => 1
            [added_date] => 2025-05-25 21:49:27
        )

    [12] => Array
        (
            [quantity] => 3
            [added_date] => 2025-05-25 21:50:04
        )

)

[2025-05-25 21:50:50] SESSION cart_summary:
Array
(
    [subtotal] => 74.19
    [promo_discount] => 7.419
    [delivery_fee] => 0
    [total] => 66.771
    [delivery_type] => delivery
    [applied_promo] => TEST
    [promo_id] => 18
)

[2025-05-25 21:50:50] New submission with token: order_lfvhmxuad_1748202645647
[2025-05-25 21:50:50] Found existing address for user, address_id=46
[2025-05-25 21:50:50] Updated phone number for existing address
[2025-05-25 21:50:50] Order parameters for delivery:
Array
(
    [user_id] => 14
    [total_price] => 66.771
    [address_id] => 46
    [promo_code] => TEST
    [promo_id] => 18
    [promo_discount] => 7.419
    [subtotal] => 74.19
    [delivery_fee] => 0
    [order_type] => delivery
)

[2025-05-25 21:50:50] Order inserted successfully, order_id=50
[2025-05-25 21:50:50] Processing cart_items:
Array
(
    [33] => Array
        (
            [quantity] => 1
            [added_date] => 2025-05-25 21:49:27
        )

    [12] => Array
        (
            [quantity] => 3
            [added_date] => 2025-05-25 21:50:04
        )

)

[2025-05-25 21:50:50] Processing item:
Array
(
    [quantity] => 1
    [added_date] => 2025-05-25 21:49:27
)

[2025-05-25 21:50:50] Fetching product from database for missing data
[2025-05-25 21:50:50] Found product in DB:
Array
(
    [id] => 33
    [price] => 1.50
)

[2025-05-25 21:50:50] Inserting order item: order_id=50, product_id=33, quantity=1, price=1.50
[2025-05-25 21:50:50] Successfully inserted order item
[2025-05-25 21:50:50] Processing item:
Array
(
    [quantity] => 3
    [added_date] => 2025-05-25 21:50:04
)

[2025-05-25 21:50:50] Fetching product from database for missing data
[2025-05-25 21:50:50] Found product in DB:
Array
(
    [id] => 12
    [price] => 24.23
)

[2025-05-25 21:50:50] Inserting order item: order_id=50, product_id=12, quantity=3, price=24.23
[2025-05-25 21:50:50] Successfully inserted order item
[2025-05-25 21:50:50] Starting stock reduction for cart items
[2025-05-25 21:51:52] SESSION cart data:
Array
(
    [33] => Array
        (
            [quantity] => 1
            [added_date] => 2025-05-25 21:49:27
        )

    [12] => Array
        (
            [quantity] => 3
            [added_date] => 2025-05-25 21:50:04
        )

)

[2025-05-25 21:51:52] SESSION cart_summary:
Array
(
    [subtotal] => 74.19
    [promo_discount] => 7.419
    [delivery_fee] => 0
    [total] => 66.771
    [delivery_type] => delivery
    [applied_promo] => TEST
    [promo_id] => 18
)

[2025-05-25 21:51:58] SESSION cart data:
Array
(
    [33] => Array
        (
            [quantity] => 1
            [added_date] => 2025-05-25 21:49:27
        )

    [12] => Array
        (
            [quantity] => 3
            [added_date] => 2025-05-25 21:50:04
        )

)

[2025-05-25 21:51:58] SESSION cart_summary:
Array
(
    [subtotal] => 74.19
    [promo_discount] => 7.419
    [delivery_fee] => 0
    [total] => 66.771
    [delivery_type] => delivery
    [applied_promo] => TEST
    [promo_id] => 18
)

[2025-05-25 21:51:58] New submission with token: order_7jvb4ze7e_1748202712778
[2025-05-25 21:51:58] Found existing address for user, address_id=46
[2025-05-25 21:51:58] Updated phone number for existing address
[2025-05-25 21:51:58] Order parameters for delivery:
Array
(
    [user_id] => 14
    [total_price] => 66.771
    [address_id] => 46
    [promo_code] => TEST
    [promo_id] => 18
    [promo_discount] => 7.419
    [subtotal] => 74.19
    [delivery_fee] => 0
    [order_type] => delivery
)

[2025-05-25 21:51:58] Order inserted successfully, order_id=51
[2025-05-25 21:51:58] Processing cart_items:
Array
(
    [33] => Array
        (
            [quantity] => 1
            [added_date] => 2025-05-25 21:49:27
        )

    [12] => Array
        (
            [quantity] => 3
            [added_date] => 2025-05-25 21:50:04
        )

)

[2025-05-25 21:51:58] Processing item:
Array
(
    [quantity] => 1
    [added_date] => 2025-05-25 21:49:27
)

[2025-05-25 21:51:58] Fetching product from database for missing data
[2025-05-25 21:51:58] Found product in DB:
Array
(
    [id] => 33
    [price] => 1.50
)

[2025-05-25 21:51:58] Inserting order item: order_id=51, product_id=33, quantity=1, price=1.50
[2025-05-25 21:51:58] Successfully inserted order item
[2025-05-25 21:51:58] Processing item:
Array
(
    [quantity] => 3
    [added_date] => 2025-05-25 21:50:04
)

[2025-05-25 21:51:58] Fetching product from database for missing data
[2025-05-25 21:51:58] Found product in DB:
Array
(
    [id] => 12
    [price] => 24.23
)

[2025-05-25 21:51:58] Inserting order item: order_id=51, product_id=12, quantity=3, price=24.23
[2025-05-25 21:51:58] Successfully inserted order item
[2025-05-25 21:51:58] Starting stock reduction for cart items
[2025-05-25 21:51:58] Product: Fresh Pure Mentos (ID: 33) - Current stock: 5, Ordered: 1
[2025-05-25 21:51:58] Successfully reduced stock for product ID 33 by 1 units
[2025-05-25 21:51:58] LOW STOCK ALERT: Product 'Fresh Pure Mentos' (ID: 33) now has only 4 units remaining
[2025-05-25 21:51:58] Product: Biscoff Spread (ID: 12) - Current stock: 24, Ordered: 3
[2025-05-25 21:51:58] Successfully reduced stock for product ID 12 by 3 units
[2025-05-25 21:51:58] Stock reduction completed successfully for all items
[2025-05-25 21:52:40] SESSION cart_summary:
Array
(
    [subtotal] => 27.06
    [promo_discount] => 0
    [delivery_fee] => 0
    [total] => 27.06
    [delivery_type] => pickup
    [applied_promo] => 
    [promo_id] => 
)

[2025-05-25 21:52:52] SESSION cart_summary:
Array
(
    [subtotal] => 27.06
    [promo_discount] => 0
    [delivery_fee] => 0
    [total] => 27.06
    [delivery_type] => pickup
    [applied_promo] => 
    [promo_id] => 
)

[2025-05-25 21:52:52] New submission with token: order_682d1wnr8_1748202760075
[2025-05-25 21:52:52] Loaded cart from database:
Array
(
    [5] => Array
        (
            [product_id] => 5
            [quantity] => 1
            [price] => 2.83
            [name] => Nerds Candy
        )

    [12] => Array
        (
            [product_id] => 12
            [quantity] => 1
            [price] => 24.23
            [name] => Biscoff Spread
        )

)

[2025-05-25 21:52:52] Processing cart_items:
Array
(
    [5] => Array
        (
            [product_id] => 5
            [quantity] => 1
            [price] => 2.83
            [name] => Nerds Candy
        )

    [12] => Array
        (
            [product_id] => 12
            [quantity] => 1
            [price] => 24.23
            [name] => Biscoff Spread
        )

)

[2025-05-25 21:52:52] Processing item:
Array
(
    [product_id] => 5
    [quantity] => 1
    [price] => 2.83
    [name] => Nerds Candy
)

[2025-05-25 21:52:52] Inserting order item: order_id=52, product_id=5, quantity=1, price=2.83
[2025-05-25 21:52:52] Successfully inserted order item
[2025-05-25 21:52:52] Processing item:
Array
(
    [product_id] => 12
    [quantity] => 1
    [price] => 24.23
    [name] => Biscoff Spread
)

[2025-05-25 21:52:52] Inserting order item: order_id=52, product_id=12, quantity=1, price=24.23
[2025-05-25 21:52:52] Successfully inserted order item
[2025-05-25 21:52:52] Starting stock reduction for cart items
[2025-05-25 21:52:52] Product: Nerds Candy (ID: 5) - Current stock: 9, Ordered: 1
[2025-05-25 21:52:52] Successfully reduced stock for product ID 5 by 1 units
[2025-05-25 21:52:52] Product: Biscoff Spread (ID: 12) - Current stock: 21, Ordered: 1
[2025-05-25 21:52:52] Successfully reduced stock for product ID 12 by 1 units
[2025-05-25 21:52:52] Stock reduction completed successfully for all items
[2025-05-25 23:11:18] SESSION cart_summary:
Array
(
    [subtotal] => 29.5
    [promo_discount] => 5.9
    [delivery_fee] => 0
    [total] => 23.6
    [delivery_type] => pickup
    [applied_promo] => SWEET20
    [promo_id] => 1
)

[2025-05-25 23:12:25] SESSION cart_summary:
Array
(
    [subtotal] => 29.5
    [promo_discount] => 5.9
    [delivery_fee] => 0
    [total] => 23.6
    [delivery_type] => pickup
    [applied_promo] => SWEET20
    [promo_id] => 1
)

[2025-05-25 23:12:25] New submission with token: order_fufyjqfmp_1748207478334
[2025-05-25 23:12:25] Loaded cart from database:
Array
(
    [22] => Array
        (
            [product_id] => 22
            [quantity] => 2
            [price] => 14.75
            [name] => Mini waffle Cones  "Chocolate"
        )

)

[2025-05-25 23:12:25] Processing cart_items:
Array
(
    [22] => Array
        (
            [product_id] => 22
            [quantity] => 2
            [price] => 14.75
            [name] => Mini waffle Cones  "Chocolate"
        )

)

[2025-05-25 23:12:25] Processing item:
Array
(
    [product_id] => 22
    [quantity] => 2
    [price] => 14.75
    [name] => Mini waffle Cones  "Chocolate"
)

[2025-05-25 23:12:25] Inserting order item: order_id=53, product_id=22, quantity=2, price=14.75
[2025-05-25 23:12:25] Successfully inserted order item
[2025-05-25 23:12:25] Starting stock reduction for cart items
[2025-05-25 23:12:25] Product: Mini waffle Cones  "Chocolate" (ID: 22) - Current stock: 15, Ordered: 2
[2025-05-25 23:12:25] Successfully reduced stock for product ID 22 by 2 units
[2025-05-25 23:12:25] Stock reduction completed successfully for all items
[2025-05-26 06:57:19] SESSION cart data:
Array
(
    [40] => Array
        (
            [quantity] => 3
            [added_date] => 2025-05-26 06:56:53
        )

)

[2025-05-26 06:57:19] SESSION cart_summary:
Array
(
    [subtotal] => 27
    [promo_discount] => 2.7
    [delivery_fee] => 0
    [total] => 24.3
    [delivery_type] => pickup
    [applied_promo] => TESTT
    [promo_id] => 19
)

[2025-05-26 06:57:34] SESSION cart data:
Array
(
    [40] => Array
        (
            [quantity] => 3
            [added_date] => 2025-05-26 06:56:53
        )

)

[2025-05-26 06:57:34] SESSION cart_summary:
Array
(
    [subtotal] => 27
    [promo_discount] => 2.7
    [delivery_fee] => 0
    [total] => 24.3
    [delivery_type] => pickup
    [applied_promo] => TESTT
    [promo_id] => 19
)

[2025-05-26 06:57:34] New submission with token: order_1vxgn47ct_1748235439442
[2025-05-26 06:57:34] Processing cart_items:
Array
(
    [40] => Array
        (
            [quantity] => 3
            [added_date] => 2025-05-26 06:56:53
        )

)

[2025-05-26 06:57:34] Processing item:
Array
(
    [quantity] => 3
    [added_date] => 2025-05-26 06:56:53
)

[2025-05-26 06:57:34] Fetching product from database for missing data
[2025-05-26 06:57:34] Found product in DB:
Array
(
    [id] => 40
    [price] => 9.00
)

[2025-05-26 06:57:34] Inserting order item: order_id=54, product_id=40, quantity=3, price=9.00
[2025-05-26 06:57:34] Successfully inserted order item
[2025-05-26 06:57:34] Starting stock reduction for cart items
[2025-05-26 06:57:34] Product: Kirkland Peanut Butter (ID: 40) - Current stock: 15, Ordered: 3
[2025-05-26 06:57:34] Successfully reduced stock for product ID 40 by 3 units
[2025-05-26 06:57:34] Stock reduction completed successfully for all items
[2025-05-26 07:02:35] SESSION cart_summary:
Array
(
    [subtotal] => 59
    [promo_discount] => 5.9
    [delivery_fee] => 0
    [total] => 53.1
    [delivery_type] => pickup
    [applied_promo] => TEST
    [promo_id] => 18
)

[2025-05-26 07:02:41] SESSION cart_summary:
Array
(
    [subtotal] => 59
    [promo_discount] => 5.9
    [delivery_fee] => 0
    [total] => 53.1
    [delivery_type] => pickup
    [applied_promo] => TEST
    [promo_id] => 18
)

[2025-05-26 07:02:41] New submission with token: order_fuhx2e2pp_1748235755235
[2025-05-26 07:02:41] Loaded cart from database:
Array
(
    [22] => Array
        (
            [product_id] => 22
            [quantity] => 4
            [price] => 14.75
            [name] => Mini waffle Cones  "Chocolate"
        )

)

[2025-05-26 07:02:41] Processing cart_items:
Array
(
    [22] => Array
        (
            [product_id] => 22
            [quantity] => 4
            [price] => 14.75
            [name] => Mini waffle Cones  "Chocolate"
        )

)

[2025-05-26 07:02:41] Processing item:
Array
(
    [product_id] => 22
    [quantity] => 4
    [price] => 14.75
    [name] => Mini waffle Cones  "Chocolate"
)

[2025-05-26 07:02:41] Inserting order item: order_id=55, product_id=22, quantity=4, price=14.75
[2025-05-26 07:02:41] Successfully inserted order item
[2025-05-26 07:02:41] Starting stock reduction for cart items
[2025-05-26 07:02:41] Product: Mini waffle Cones  "Chocolate" (ID: 22) - Current stock: 13, Ordered: 4
[2025-05-26 07:02:41] Successfully reduced stock for product ID 22 by 4 units
[2025-05-26 07:02:41] Stock reduction completed successfully for all items
[2025-05-26 07:02:41] Promo code check - Current uses: 1, Max uses: 100
[2025-05-26 07:02:41] Successfully incremented promo code usage for promo_id: 18
[2025-05-26 07:03:07] SESSION cart_summary:
Array
(
    [subtotal] => 63.21
    [promo_discount] => 6.321
    [delivery_fee] => 0
    [total] => 56.889
    [delivery_type] => pickup
    [applied_promo] => TEST
    [promo_id] => 18
)

[2025-05-26 07:03:13] SESSION cart_summary:
Array
(
    [subtotal] => 63.21
    [promo_discount] => 6.321
    [delivery_fee] => 0
    [total] => 56.889
    [delivery_type] => pickup
    [applied_promo] => TEST
    [promo_id] => 18
)

[2025-05-26 07:03:13] New submission with token: order_06183aoet_1748235787723
[2025-05-26 07:03:13] Loaded cart from database:
Array
(
    [12] => Array
        (
            [product_id] => 12
            [quantity] => 2
            [price] => 24.23
            [name] => Biscoff Spread
        )

    [22] => Array
        (
            [product_id] => 22
            [quantity] => 1
            [price] => 14.75
            [name] => Mini waffle Cones  "Chocolate"
        )

)

[2025-05-26 07:03:13] Processing cart_items:
Array
(
    [12] => Array
        (
            [product_id] => 12
            [quantity] => 2
            [price] => 24.23
            [name] => Biscoff Spread
        )

    [22] => Array
        (
            [product_id] => 22
            [quantity] => 1
            [price] => 14.75
            [name] => Mini waffle Cones  "Chocolate"
        )

)

[2025-05-26 07:03:13] Processing item:
Array
(
    [product_id] => 12
    [quantity] => 2
    [price] => 24.23
    [name] => Biscoff Spread
)

[2025-05-26 07:03:13] Inserting order item: order_id=56, product_id=12, quantity=2, price=24.23
[2025-05-26 07:03:13] Successfully inserted order item
[2025-05-26 07:03:13] Processing item:
Array
(
    [product_id] => 22
    [quantity] => 1
    [price] => 14.75
    [name] => Mini waffle Cones  "Chocolate"
)

[2025-05-26 07:03:13] Inserting order item: order_id=56, product_id=22, quantity=1, price=14.75
[2025-05-26 07:03:13] Successfully inserted order item
[2025-05-26 07:03:13] Starting stock reduction for cart items
[2025-05-26 07:03:13] Product: Biscoff Spread (ID: 12) - Current stock: 20, Ordered: 2
[2025-05-26 07:03:13] Successfully reduced stock for product ID 12 by 2 units
[2025-05-26 07:03:13] Product: Mini waffle Cones  "Chocolate" (ID: 22) - Current stock: 9, Ordered: 1
[2025-05-26 07:03:13] Successfully reduced stock for product ID 22 by 1 units
[2025-05-26 07:03:13] Stock reduction completed successfully for all items
[2025-05-26 07:03:13] Promo code check - Current uses: 2, Max uses: 100
[2025-05-26 07:03:13] Successfully incremented promo code usage for promo_id: 18
[2025-05-26 12:24:57] SESSION cart_summary:
Array
(
    [subtotal] => 28.3
    [promo_discount] => 5.66
    [delivery_fee] => 0
    [total] => 22.64
    [delivery_type] => pickup
    [applied_promo] => SWEET20
    [promo_id] => 1
)

[2025-05-26 12:25:26] SESSION cart_summary:
Array
(
    [subtotal] => 28.3
    [promo_discount] => 5.66
    [delivery_fee] => 0
    [total] => 22.64
    [delivery_type] => pickup
    [applied_promo] => SWEET20
    [promo_id] => 1
)

[2025-05-26 12:25:26] New submission with token: order_fa23jc5ta_1748255097515
[2025-05-26 12:25:26] Loaded cart from database:
Array
(
    [5] => Array
        (
            [product_id] => 5
            [quantity] => 10
            [price] => 2.83
            [name] => Nerds Candy
        )

)

[2025-05-26 12:25:26] Processing cart_items:
Array
(
    [5] => Array
        (
            [product_id] => 5
            [quantity] => 10
            [price] => 2.83
            [name] => Nerds Candy
        )

)

[2025-05-26 12:25:26] Processing item:
Array
(
    [product_id] => 5
    [quantity] => 10
    [price] => 2.83
    [name] => Nerds Candy
)

[2025-05-26 12:25:26] Inserting order item: order_id=57, product_id=5, quantity=10, price=2.83
[2025-05-26 12:25:26] Successfully inserted order item
[2025-05-26 12:25:26] Starting stock reduction for cart items
[2025-05-26 12:25:26] Product: Nerds Candy (ID: 5) - Current stock: 8, Ordered: 10
[2025-05-26 12:25:26] Insufficient stock for product ID 5. Available: 8, Requested: 10
[2025-05-26 12:25:49] SESSION cart data:
Array
(
    [5] => Array
        (
            [product_id] => 5
            [quantity] => 10
            [price] => 2.83
            [name] => Nerds Candy
        )

)

[2025-05-26 12:25:49] SESSION cart_summary:
Array
(
    [subtotal] => 22.64
    [promo_discount] => 0
    [delivery_fee] => 0
    [total] => 22.64
    [delivery_type] => pickup
    [applied_promo] => 
    [promo_id] => 1
)

[2025-05-26 12:25:56] SESSION cart data:
Array
(
    [5] => Array
        (
            [product_id] => 5
            [quantity] => 10
            [price] => 2.83
            [name] => Nerds Candy
        )

)

[2025-05-26 12:25:56] SESSION cart_summary:
Array
(
    [subtotal] => 19.81
    [promo_discount] => 0
    [delivery_fee] => 0
    [total] => 19.81
    [delivery_type] => pickup
    [applied_promo] => 
    [promo_id] => 
)

[2025-05-26 12:26:03] SESSION cart data:
Array
(
    [5] => Array
        (
            [product_id] => 5
            [quantity] => 10
            [price] => 2.83
            [name] => Nerds Candy
        )

)

[2025-05-26 12:26:03] SESSION cart_summary:
Array
(
    [subtotal] => 19.81
    [promo_discount] => 0
    [delivery_fee] => 0
    [total] => 19.81
    [delivery_type] => pickup
    [applied_promo] => 
    [promo_id] => 
)

[2025-05-26 12:26:03] New submission with token: order_l78ucxzuh_1748255156597
[2025-05-26 12:26:03] Processing cart_items:
Array
(
    [5] => Array
        (
            [product_id] => 5
            [quantity] => 10
            [price] => 2.83
            [name] => Nerds Candy
        )

)

[2025-05-26 12:26:03] Processing item:
Array
(
    [product_id] => 5
    [quantity] => 10
    [price] => 2.83
    [name] => Nerds Candy
)

[2025-05-26 12:26:03] Inserting order item: order_id=58, product_id=5, quantity=10, price=2.83
[2025-05-26 12:26:03] Successfully inserted order item
[2025-05-26 12:26:03] Starting stock reduction for cart items
[2025-05-26 12:26:03] Product: Nerds Candy (ID: 5) - Current stock: 8, Ordered: 10
[2025-05-26 12:26:03] Insufficient stock for product ID 5. Available: 8, Requested: 10
[2025-05-26 12:26:25] SESSION cart data:
Array
(
    [5] => Array
        (
            [product_id] => 5
            [quantity] => 10
            [price] => 2.83
            [name] => Nerds Candy
        )

)

[2025-05-26 12:26:25] SESSION cart_summary:
Array
(
    [subtotal] => 19.81
    [promo_discount] => 0
    [delivery_fee] => 0
    [total] => 19.81
    [delivery_type] => pickup
    [applied_promo] => 
    [promo_id] => 
)

[2025-05-26 12:26:30] SESSION cart data:
Array
(
    [5] => Array
        (
            [product_id] => 5
            [quantity] => 10
            [price] => 2.83
            [name] => Nerds Candy
        )

)

[2025-05-26 12:26:30] SESSION cart_summary:
Array
(
    [subtotal] => 19.81
    [promo_discount] => 0
    [delivery_fee] => 0
    [total] => 19.81
    [delivery_type] => pickup
    [applied_promo] => 
    [promo_id] => 
)

[2025-05-26 12:26:30] New submission with token: order_u67i237yl_1748255185226
[2025-05-26 12:26:30] Processing cart_items:
Array
(
    [5] => Array
        (
            [product_id] => 5
            [quantity] => 10
            [price] => 2.83
            [name] => Nerds Candy
        )

)

[2025-05-26 12:26:30] Processing item:
Array
(
    [product_id] => 5
    [quantity] => 10
    [price] => 2.83
    [name] => Nerds Candy
)

[2025-05-26 12:26:30] Inserting order item: order_id=59, product_id=5, quantity=10, price=2.83
[2025-05-26 12:26:30] Successfully inserted order item
[2025-05-26 12:26:30] Starting stock reduction for cart items
[2025-05-26 12:26:30] Product: Nerds Candy (ID: 5) - Current stock: 8, Ordered: 10
[2025-05-26 12:26:30] Insufficient stock for product ID 5. Available: 8, Requested: 10
[2025-05-27 22:29:43] SESSION cart data:
Array
(
    [43] => Array
        (
            [quantity] => 1
            [added_date] => 2025-05-27 22:29:01
        )

)

[2025-05-27 22:29:43] SESSION cart_summary:
Array
(
    [subtotal] => 1
    [promo_discount] => 0
    [delivery_fee] => 0
    [total] => 1
    [delivery_type] => pickup
    [applied_promo] => 
    [promo_id] => 
)

[2025-05-27 22:30:29] SESSION cart data:
Array
(
    [43] => Array
        (
            [quantity] => 1
            [added_date] => 2025-05-27 22:29:01
        )

)

[2025-05-27 22:30:29] SESSION cart_summary:
Array
(
    [subtotal] => 1
    [promo_discount] => 0
    [delivery_fee] => 0
    [total] => 1
    [delivery_type] => pickup
    [applied_promo] => 
    [promo_id] => 
)

[2025-05-27 22:30:29] New submission with token: order_nabzn5h9k_1748377783135
[2025-05-27 22:30:29] Processing cart_items:
Array
(
    [43] => Array
        (
            [quantity] => 1
            [added_date] => 2025-05-27 22:29:01
        )

)

[2025-05-27 22:30:29] Processing item:
Array
(
    [quantity] => 1
    [added_date] => 2025-05-27 22:29:01
)

[2025-05-27 22:30:29] Fetching product from database for missing data
[2025-05-27 22:30:29] Found product in DB:
Array
(
    [id] => 43
    [price] => 1.00
)

[2025-05-27 22:30:29] Inserting order item: order_id=60, product_id=43, quantity=1, price=1.00
[2025-05-27 22:30:29] Successfully inserted order item
[2025-05-27 22:30:29] Starting stock reduction for cart items
[2025-05-27 22:30:29] Product: Lay's "Salt & Vinegar" (ID: 43) - Current stock: 20, Ordered: 1
[2025-05-27 22:30:29] Successfully reduced stock for product ID 43 by 1 units
[2025-05-27 22:30:29] Stock reduction completed successfully for all items
[2025-05-27 22:30:29] No promo code applied to this order
[2025-05-27 22:31:44] SESSION cart_summary:
Array
(
    [subtotal] => 14.5
    [promo_discount] => 0
    [delivery_fee] => 4.00
    [total] => 18.5
    [delivery_type] => delivery
    [applied_promo] => 
    [promo_id] => 
)

