[18-May-2025 08:37:20 Europe/Berlin] [2025-05-18 08:37:20] update_order_status.php started
[18-May-2025 08:37:20 Europe/Berlin] [2025-05-18 08:37:20] Trying DB file: ../../includes/db.php
[18-May-2025 08:37:20 Europe/Berlin] [2025-05-18 08:37:20] Successfully connected using: ../../includes/db.php
[18-May-2025 08:37:20 Europe/Berlin] [2025-05-18 08:37:20] Database connection successful
[18-May-2025 08:37:20 Europe/Berlin] [2025-05-18 08:37:20] Using POST data: Array
(
    [order_id] => 37
    [status] => processing
)

[18-May-2025 08:37:20 Europe/Berlin] [2025-05-18 08:37:20] Attempting to update order ID: 37 with status: processing
[18-May-2025 08:37:20 Europe/Berlin] [2025-05-18 08:37:20] 'orders' table exists
[18-May-2025 08:37:20 Europe/Berlin] [2025-05-18 08:37:20] Table columns: id, user_id, total_price, status, delivery_address_id, pickup_time, pickup_instructions, promo_code, promo_id, discount_amount, subtotal, delivery_fee, order_type, created_at
[18-May-2025 08:37:20 Europe/Berlin] [2025-05-18 08:37:20] WARNING: 'updated_at' column not found, will use NOW() directly
[18-May-2025 08:37:20 Europe/Berlin] [2025-05-18 08:37:20] Order with ID 37 found, proceeding with update
[18-May-2025 08:37:20 Europe/Berlin] [2025-05-18 08:37:20] Transaction started
[18-May-2025 08:37:20 Europe/Berlin] [2025-05-18 08:37:20] Executing SQL: UPDATE orders SET status = ? WHERE id = ? with params: status=processing, id=37
[18-May-2025 08:37:20 Europe/Berlin] [2025-05-18 08:37:20] Update successful. Affected rows: 1
[18-May-2025 08:37:20 Europe/Berlin] [2025-05-18 08:37:20] order_status_history table not found, skipping history logging
[18-May-2025 08:37:20 Europe/Berlin] [2025-05-18 08:37:20] Transaction committed
[18-May-2025 08:37:20 Europe/Berlin] [2025-05-18 08:37:20] Success response sent
[18-May-2025 08:42:07 Europe/Berlin] [2025-05-18 08:42:07] update_order_status.php started
[18-May-2025 08:42:07 Europe/Berlin] [2025-05-18 08:42:07] Trying DB file: ../../includes/db.php
[18-May-2025 08:42:07 Europe/Berlin] [2025-05-18 08:42:07] Successfully connected using: ../../includes/db.php
[18-May-2025 08:42:07 Europe/Berlin] [2025-05-18 08:42:07] Database connection successful
[18-May-2025 08:42:07 Europe/Berlin] [2025-05-18 08:42:07] Using POST data: Array
(
    [order_id] => 41
    [status] => shipped
)

[18-May-2025 08:42:07 Europe/Berlin] [2025-05-18 08:42:07] Attempting to update order ID: 41 with status: shipped
[18-May-2025 08:42:07 Europe/Berlin] [2025-05-18 08:42:07] 'orders' table exists
[18-May-2025 08:42:07 Europe/Berlin] [2025-05-18 08:42:07] Table columns: id, user_id, total_price, status, delivery_address_id, pickup_time, pickup_instructions, promo_code, promo_id, discount_amount, subtotal, delivery_fee, order_type, created_at
[18-May-2025 08:42:07 Europe/Berlin] [2025-05-18 08:42:07] WARNING: 'updated_at' column not found, will use NOW() directly
[18-May-2025 08:42:07 Europe/Berlin] [2025-05-18 08:42:07] Order with ID 41 found, proceeding with update
[18-May-2025 08:42:07 Europe/Berlin] [2025-05-18 08:42:07] Transaction started
[18-May-2025 08:42:07 Europe/Berlin] [2025-05-18 08:42:07] Executing SQL: UPDATE orders SET status = ? WHERE id = ? with params: status=shipped, id=41
[18-May-2025 08:42:07 Europe/Berlin] [2025-05-18 08:42:07] Update successful. Affected rows: 1
[18-May-2025 08:42:07 Europe/Berlin] [2025-05-18 08:42:07] order_status_history table not found, skipping history logging
[18-May-2025 08:42:07 Europe/Berlin] [2025-05-18 08:42:07] Transaction committed
[18-May-2025 08:42:07 Europe/Berlin] [2025-05-18 08:42:07] Success response sent
[18-May-2025 08:49:06 Europe/Berlin] [2025-05-18 08:49:06] update_order_status.php started
[18-May-2025 08:49:06 Europe/Berlin] [2025-05-18 08:49:06] Trying DB file: ../../includes/db.php
[18-May-2025 08:49:06 Europe/Berlin] [2025-05-18 08:49:06] Successfully connected using: ../../includes/db.php
[18-May-2025 08:49:06 Europe/Berlin] [2025-05-18 08:49:06] Database connection successful
[18-May-2025 08:49:06 Europe/Berlin] [2025-05-18 08:49:06] Using POST data: Array
(
    [order_id] => 40
    [status] => processing
)

[18-May-2025 08:49:06 Europe/Berlin] [2025-05-18 08:49:06] Attempting to update order ID: 40 with status: processing
[18-May-2025 08:49:06 Europe/Berlin] [2025-05-18 08:49:06] 'orders' table exists
[18-May-2025 08:49:06 Europe/Berlin] [2025-05-18 08:49:06] Table columns: id, user_id, total_price, status, delivery_address_id, pickup_time, pickup_instructions, promo_code, promo_id, discount_amount, subtotal, delivery_fee, order_type, created_at
[18-May-2025 08:49:06 Europe/Berlin] [2025-05-18 08:49:06] WARNING: 'updated_at' column not found, will use NOW() directly
[18-May-2025 08:49:06 Europe/Berlin] [2025-05-18 08:49:06] Order with ID 40 found, proceeding with update
[18-May-2025 08:49:06 Europe/Berlin] [2025-05-18 08:49:06] Transaction started
[18-May-2025 08:49:06 Europe/Berlin] [2025-05-18 08:49:06] Executing SQL: UPDATE orders SET status = ? WHERE id = ? with params: status=processing, id=40
[18-May-2025 08:49:06 Europe/Berlin] [2025-05-18 08:49:06] Update successful. Affected rows: 1
[18-May-2025 08:49:06 Europe/Berlin] [2025-05-18 08:49:06] order_status_history table not found, skipping history logging
[18-May-2025 08:49:06 Europe/Berlin] [2025-05-18 08:49:06] Transaction committed
[18-May-2025 08:49:06 Europe/Berlin] [2025-05-18 08:49:06] Success response sent
[18-May-2025 08:49:20 Europe/Berlin] [2025-05-18 08:49:20] update_order_status.php started
[18-May-2025 08:49:20 Europe/Berlin] [2025-05-18 08:49:20] Trying DB file: ../../includes/db.php
[18-May-2025 08:49:20 Europe/Berlin] [2025-05-18 08:49:20] Successfully connected using: ../../includes/db.php
[18-May-2025 08:49:20 Europe/Berlin] [2025-05-18 08:49:20] Database connection successful
[18-May-2025 08:49:20 Europe/Berlin] [2025-05-18 08:49:20] Using POST data: Array
(
    [order_id] => 39
    [status] => delivered
)

[18-May-2025 08:49:20 Europe/Berlin] [2025-05-18 08:49:20] Attempting to update order ID: 39 with status: delivered
[18-May-2025 08:49:20 Europe/Berlin] [2025-05-18 08:49:20] 'orders' table exists
[18-May-2025 08:49:21 Europe/Berlin] [2025-05-18 08:49:21] Table columns: id, user_id, total_price, status, delivery_address_id, pickup_time, pickup_instructions, promo_code, promo_id, discount_amount, subtotal, delivery_fee, order_type, created_at
[18-May-2025 08:49:21 Europe/Berlin] [2025-05-18 08:49:21] WARNING: 'updated_at' column not found, will use NOW() directly
[18-May-2025 08:49:21 Europe/Berlin] [2025-05-18 08:49:21] Order with ID 39 found, proceeding with update
[18-May-2025 08:49:21 Europe/Berlin] [2025-05-18 08:49:21] Transaction started
[18-May-2025 08:49:21 Europe/Berlin] [2025-05-18 08:49:21] Executing SQL: UPDATE orders SET status = ? WHERE id = ? with params: status=delivered, id=39
[18-May-2025 08:49:21 Europe/Berlin] [2025-05-18 08:49:21] Update successful. Affected rows: 1
[18-May-2025 08:49:21 Europe/Berlin] [2025-05-18 08:49:21] order_status_history table not found, skipping history logging
[18-May-2025 08:49:21 Europe/Berlin] [2025-05-18 08:49:21] Transaction committed
[18-May-2025 08:49:21 Europe/Berlin] [2025-05-18 08:49:21] Success response sent
[18-May-2025 08:49:29 Europe/Berlin] [2025-05-18 08:49:29] update_order_status.php started
[18-May-2025 08:49:29 Europe/Berlin] [2025-05-18 08:49:29] Trying DB file: ../../includes/db.php
[18-May-2025 08:49:29 Europe/Berlin] [2025-05-18 08:49:29] Successfully connected using: ../../includes/db.php
[18-May-2025 08:49:29 Europe/Berlin] [2025-05-18 08:49:29] Database connection successful
[18-May-2025 08:49:29 Europe/Berlin] [2025-05-18 08:49:29] Using POST data: Array
(
    [order_id] => 36
    [status] => cancelled
)

[18-May-2025 08:49:29 Europe/Berlin] [2025-05-18 08:49:29] Attempting to update order ID: 36 with status: cancelled
[18-May-2025 08:49:30 Europe/Berlin] [2025-05-18 08:49:30] 'orders' table exists
[18-May-2025 08:49:30 Europe/Berlin] [2025-05-18 08:49:30] Table columns: id, user_id, total_price, status, delivery_address_id, pickup_time, pickup_instructions, promo_code, promo_id, discount_amount, subtotal, delivery_fee, order_type, created_at
[18-May-2025 08:49:30 Europe/Berlin] [2025-05-18 08:49:30] WARNING: 'updated_at' column not found, will use NOW() directly
[18-May-2025 08:49:30 Europe/Berlin] [2025-05-18 08:49:30] Order with ID 36 found, proceeding with update
[18-May-2025 08:49:30 Europe/Berlin] [2025-05-18 08:49:30] Transaction started
[18-May-2025 08:49:30 Europe/Berlin] [2025-05-18 08:49:30] Executing SQL: UPDATE orders SET status = ? WHERE id = ? with params: status=cancelled, id=36
[18-May-2025 08:49:30 Europe/Berlin] [2025-05-18 08:49:30] Update successful. Affected rows: 1
[18-May-2025 08:49:30 Europe/Berlin] [2025-05-18 08:49:30] order_status_history table not found, skipping history logging
[18-May-2025 08:49:30 Europe/Berlin] [2025-05-18 08:49:30] Transaction committed
[18-May-2025 08:49:30 Europe/Berlin] [2025-05-18 08:49:30] Success response sent
[18-May-2025 08:49:40 Europe/Berlin] [2025-05-18 08:49:40] update_order_status.php started
[18-May-2025 08:49:40 Europe/Berlin] [2025-05-18 08:49:40] Trying DB file: ../../includes/db.php
[18-May-2025 08:49:40 Europe/Berlin] [2025-05-18 08:49:40] Successfully connected using: ../../includes/db.php
[18-May-2025 08:49:40 Europe/Berlin] [2025-05-18 08:49:40] Database connection successful
[18-May-2025 08:49:40 Europe/Berlin] [2025-05-18 08:49:40] Using POST data: Array
(
    [order_id] => 32
    [status] => cancelled
)

[18-May-2025 08:49:40 Europe/Berlin] [2025-05-18 08:49:40] Attempting to update order ID: 32 with status: cancelled
[18-May-2025 08:49:40 Europe/Berlin] [2025-05-18 08:49:40] 'orders' table exists
[18-May-2025 08:49:40 Europe/Berlin] [2025-05-18 08:49:40] Table columns: id, user_id, total_price, status, delivery_address_id, pickup_time, pickup_instructions, promo_code, promo_id, discount_amount, subtotal, delivery_fee, order_type, created_at
[18-May-2025 08:49:40 Europe/Berlin] [2025-05-18 08:49:40] WARNING: 'updated_at' column not found, will use NOW() directly
[18-May-2025 08:49:40 Europe/Berlin] [2025-05-18 08:49:40] Order with ID 32 found, proceeding with update
[18-May-2025 08:49:40 Europe/Berlin] [2025-05-18 08:49:40] Transaction started
[18-May-2025 08:49:40 Europe/Berlin] [2025-05-18 08:49:40] Executing SQL: UPDATE orders SET status = ? WHERE id = ? with params: status=cancelled, id=32
[18-May-2025 08:49:40 Europe/Berlin] [2025-05-18 08:49:40] Update successful. Affected rows: 1
[18-May-2025 08:49:40 Europe/Berlin] [2025-05-18 08:49:40] order_status_history table not found, skipping history logging
[18-May-2025 08:49:40 Europe/Berlin] [2025-05-18 08:49:40] Transaction committed
[18-May-2025 08:49:40 Europe/Berlin] [2025-05-18 08:49:40] Success response sent
[18-May-2025 08:52:18 Europe/Berlin] [2025-05-18 08:52:18] update_order_status.php started
[18-May-2025 08:52:18 Europe/Berlin] [2025-05-18 08:52:18] Trying DB file: ../../includes/db.php
[18-May-2025 08:52:18 Europe/Berlin] [2025-05-18 08:52:18] Successfully connected using: ../../includes/db.php
[18-May-2025 08:52:18 Europe/Berlin] [2025-05-18 08:52:18] Database connection successful
[18-May-2025 08:52:18 Europe/Berlin] [2025-05-18 08:52:18] Using POST data: Array
(
    [order_id] => 38
    [status] => shipped
)

[18-May-2025 08:52:18 Europe/Berlin] [2025-05-18 08:52:18] Attempting to update order ID: 38 with status: shipped
[18-May-2025 08:52:18 Europe/Berlin] [2025-05-18 08:52:18] 'orders' table exists
[18-May-2025 08:52:18 Europe/Berlin] [2025-05-18 08:52:18] Table columns: id, user_id, total_price, status, delivery_address_id, pickup_time, pickup_instructions, promo_code, promo_id, discount_amount, subtotal, delivery_fee, order_type, created_at
[18-May-2025 08:52:18 Europe/Berlin] [2025-05-18 08:52:18] WARNING: 'updated_at' column not found, will use NOW() directly
[18-May-2025 08:52:18 Europe/Berlin] [2025-05-18 08:52:18] Order with ID 38 found, proceeding with update
[18-May-2025 08:52:18 Europe/Berlin] [2025-05-18 08:52:18] Transaction started
[18-May-2025 08:52:18 Europe/Berlin] [2025-05-18 08:52:18] Executing SQL: UPDATE orders SET status = ? WHERE id = ? with params: status=shipped, id=38
[18-May-2025 08:52:18 Europe/Berlin] [2025-05-18 08:52:18] Update successful. Affected rows: 1
[18-May-2025 08:52:18 Europe/Berlin] [2025-05-18 08:52:18] order_status_history table not found, skipping history logging
[18-May-2025 08:52:18 Europe/Berlin] [2025-05-18 08:52:18] Transaction committed
[18-May-2025 08:52:18 Europe/Berlin] [2025-05-18 08:52:18] Success response sent
[18-May-2025 08:52:28 Europe/Berlin] [2025-05-18 08:52:28] update_order_status.php started
[18-May-2025 08:52:28 Europe/Berlin] [2025-05-18 08:52:28] Trying DB file: ../../includes/db.php
[18-May-2025 08:52:28 Europe/Berlin] [2025-05-18 08:52:28] Successfully connected using: ../../includes/db.php
[18-May-2025 08:52:28 Europe/Berlin] [2025-05-18 08:52:28] Database connection successful
[18-May-2025 08:52:28 Europe/Berlin] [2025-05-18 08:52:28] Using POST data: Array
(
    [order_id] => 38
    [status] => completed
)

[18-May-2025 08:52:28 Europe/Berlin] [2025-05-18 08:52:28] Attempting to update order ID: 38 with status: completed
[18-May-2025 08:52:28 Europe/Berlin] [2025-05-18 08:52:28] 'orders' table exists
[18-May-2025 08:52:29 Europe/Berlin] [2025-05-18 08:52:29] Table columns: id, user_id, total_price, status, delivery_address_id, pickup_time, pickup_instructions, promo_code, promo_id, discount_amount, subtotal, delivery_fee, order_type, created_at
[18-May-2025 08:52:29 Europe/Berlin] [2025-05-18 08:52:29] WARNING: 'updated_at' column not found, will use NOW() directly
[18-May-2025 08:52:29 Europe/Berlin] [2025-05-18 08:52:29] Order with ID 38 found, proceeding with update
[18-May-2025 08:52:29 Europe/Berlin] [2025-05-18 08:52:29] Transaction started
[18-May-2025 08:52:29 Europe/Berlin] [2025-05-18 08:52:29] Executing SQL: UPDATE orders SET status = ? WHERE id = ? with params: status=completed, id=38
[18-May-2025 08:52:29 Europe/Berlin] [2025-05-18 08:52:29] Update successful. Affected rows: 1
[18-May-2025 08:52:29 Europe/Berlin] [2025-05-18 08:52:29] order_status_history table not found, skipping history logging
[18-May-2025 08:52:29 Europe/Berlin] [2025-05-18 08:52:29] Transaction committed
[18-May-2025 08:52:29 Europe/Berlin] [2025-05-18 08:52:29] Success response sent
[18-May-2025 08:52:36 Europe/Berlin] [2025-05-18 08:52:36] update_order_status.php started
[18-May-2025 08:52:36 Europe/Berlin] [2025-05-18 08:52:36] Trying DB file: ../../includes/db.php
[18-May-2025 08:52:36 Europe/Berlin] [2025-05-18 08:52:36] Successfully connected using: ../../includes/db.php
[18-May-2025 08:52:37 Europe/Berlin] [2025-05-18 08:52:36] Database connection successful
[18-May-2025 08:52:37 Europe/Berlin] [2025-05-18 08:52:37] Using POST data: Array
(
    [order_id] => 42
    [status] => delivered
)

[18-May-2025 08:52:37 Europe/Berlin] [2025-05-18 08:52:37] Attempting to update order ID: 42 with status: delivered
[18-May-2025 08:52:37 Europe/Berlin] [2025-05-18 08:52:37] 'orders' table exists
[18-May-2025 08:52:37 Europe/Berlin] [2025-05-18 08:52:37] Table columns: id, user_id, total_price, status, delivery_address_id, pickup_time, pickup_instructions, promo_code, promo_id, discount_amount, subtotal, delivery_fee, order_type, created_at
[18-May-2025 08:52:37 Europe/Berlin] [2025-05-18 08:52:37] WARNING: 'updated_at' column not found, will use NOW() directly
[18-May-2025 08:52:37 Europe/Berlin] [2025-05-18 08:52:37] Order with ID 42 found, proceeding with update
[18-May-2025 08:52:37 Europe/Berlin] [2025-05-18 08:52:37] Transaction started
[18-May-2025 08:52:37 Europe/Berlin] [2025-05-18 08:52:37] Executing SQL: UPDATE orders SET status = ? WHERE id = ? with params: status=delivered, id=42
[18-May-2025 08:52:37 Europe/Berlin] [2025-05-18 08:52:37] Update successful. Affected rows: 1
[18-May-2025 08:52:37 Europe/Berlin] [2025-05-18 08:52:37] order_status_history table not found, skipping history logging
[18-May-2025 08:52:37 Europe/Berlin] [2025-05-18 08:52:37] Transaction committed
[18-May-2025 08:52:37 Europe/Berlin] [2025-05-18 08:52:37] Success response sent
[18-May-2025 08:52:57 Europe/Berlin] [2025-05-18 08:52:57] update_order_status.php started
[18-May-2025 08:52:57 Europe/Berlin] [2025-05-18 08:52:57] Trying DB file: ../../includes/db.php
[18-May-2025 08:52:57 Europe/Berlin] [2025-05-18 08:52:57] Successfully connected using: ../../includes/db.php
[18-May-2025 08:52:57 Europe/Berlin] [2025-05-18 08:52:57] Database connection successful
[18-May-2025 08:52:57 Europe/Berlin] [2025-05-18 08:52:57] Using POST data: Array
(
    [order_id] => 42
    [status] => completed
)

[18-May-2025 08:52:57 Europe/Berlin] [2025-05-18 08:52:57] Attempting to update order ID: 42 with status: completed
[18-May-2025 08:52:57 Europe/Berlin] [2025-05-18 08:52:57] 'orders' table exists
[18-May-2025 08:52:57 Europe/Berlin] [2025-05-18 08:52:57] Table columns: id, user_id, total_price, status, delivery_address_id, pickup_time, pickup_instructions, promo_code, promo_id, discount_amount, subtotal, delivery_fee, order_type, created_at
[18-May-2025 08:52:57 Europe/Berlin] [2025-05-18 08:52:57] WARNING: 'updated_at' column not found, will use NOW() directly
[18-May-2025 08:52:57 Europe/Berlin] [2025-05-18 08:52:57] Order with ID 42 found, proceeding with update
[18-May-2025 08:52:57 Europe/Berlin] [2025-05-18 08:52:57] Transaction started
[18-May-2025 08:52:57 Europe/Berlin] [2025-05-18 08:52:57] Executing SQL: UPDATE orders SET status = ? WHERE id = ? with params: status=completed, id=42
[18-May-2025 08:52:57 Europe/Berlin] [2025-05-18 08:52:57] Update successful. Affected rows: 1
[18-May-2025 08:52:57 Europe/Berlin] [2025-05-18 08:52:57] order_status_history table not found, skipping history logging
[18-May-2025 08:52:57 Europe/Berlin] [2025-05-18 08:52:57] Transaction committed
[18-May-2025 08:52:57 Europe/Berlin] [2025-05-18 08:52:57] Success response sent
[18-May-2025 08:56:44 Europe/Berlin] [2025-05-18 08:56:44] update_order_status.php started
[18-May-2025 08:56:44 Europe/Berlin] [2025-05-18 08:56:44] Trying DB file: ../../includes/db.php
[18-May-2025 08:56:44 Europe/Berlin] [2025-05-18 08:56:44] Successfully connected using: ../../includes/db.php
[18-May-2025 08:56:44 Europe/Berlin] [2025-05-18 08:56:44] Database connection successful
[18-May-2025 08:56:44 Europe/Berlin] [2025-05-18 08:56:44] Using POST data: Array
(
    [order_id] => 42
    [status] => cancelled
)

[18-May-2025 08:56:44 Europe/Berlin] [2025-05-18 08:56:44] Attempting to update order ID: 42 with status: cancelled
[18-May-2025 08:56:44 Europe/Berlin] [2025-05-18 08:56:44] 'orders' table exists
[18-May-2025 08:56:44 Europe/Berlin] [2025-05-18 08:56:44] Table columns: id, user_id, total_price, status, delivery_address_id, pickup_time, pickup_instructions, promo_code, promo_id, discount_amount, subtotal, delivery_fee, order_type, created_at
[18-May-2025 08:56:44 Europe/Berlin] [2025-05-18 08:56:44] WARNING: 'updated_at' column not found, will use NOW() directly
[18-May-2025 08:56:44 Europe/Berlin] [2025-05-18 08:56:44] Order with ID 42 found, proceeding with update
[18-May-2025 08:56:44 Europe/Berlin] [2025-05-18 08:56:44] Transaction started
[18-May-2025 08:56:44 Europe/Berlin] [2025-05-18 08:56:44] Executing SQL: UPDATE orders SET status = ? WHERE id = ? with params: status=cancelled, id=42
[18-May-2025 08:56:44 Europe/Berlin] [2025-05-18 08:56:44] Update successful. Affected rows: 1
[18-May-2025 08:56:44 Europe/Berlin] [2025-05-18 08:56:44] order_status_history table not found, skipping history logging
[18-May-2025 08:56:44 Europe/Berlin] [2025-05-18 08:56:44] Transaction committed
[18-May-2025 08:56:44 Europe/Berlin] [2025-05-18 08:56:44] Success response sent
[18-May-2025 11:10:53 Europe/Berlin] [2025-05-18 11:10:53] update_order_status.php started
[18-May-2025 11:10:53 Europe/Berlin] [2025-05-18 11:10:53] Trying DB file: ../../includes/db.php
[18-May-2025 11:10:53 Europe/Berlin] [2025-05-18 11:10:53] Successfully connected using: ../../includes/db.php
[18-May-2025 11:10:53 Europe/Berlin] [2025-05-18 11:10:53] Database connection successful
[18-May-2025 11:10:53 Europe/Berlin] [2025-05-18 11:10:53] Using POST data: Array
(
    [order_id] => 42
    [status] => completed
)

[18-May-2025 11:10:53 Europe/Berlin] [2025-05-18 11:10:53] Attempting to update order ID: 42 with status: completed
[18-May-2025 11:10:53 Europe/Berlin] [2025-05-18 11:10:53] 'orders' table exists
[18-May-2025 11:10:53 Europe/Berlin] [2025-05-18 11:10:53] Table columns: id, user_id, total_price, status, delivery_address_id, pickup_time, pickup_instructions, promo_code, promo_id, discount_amount, subtotal, delivery_fee, order_type, created_at
[18-May-2025 11:10:53 Europe/Berlin] [2025-05-18 11:10:53] WARNING: 'updated_at' column not found, will use NOW() directly
[18-May-2025 11:10:53 Europe/Berlin] [2025-05-18 11:10:53] Order with ID 42 found, proceeding with update
[18-May-2025 11:10:53 Europe/Berlin] [2025-05-18 11:10:53] Transaction started
[18-May-2025 11:10:53 Europe/Berlin] [2025-05-18 11:10:53] Executing SQL: UPDATE orders SET status = ? WHERE id = ? with params: status=completed, id=42
[18-May-2025 11:10:53 Europe/Berlin] [2025-05-18 11:10:53] Update successful. Affected rows: 1
[18-May-2025 11:10:53 Europe/Berlin] [2025-05-18 11:10:53] order_status_history table not found, skipping history logging
[18-May-2025 11:10:53 Europe/Berlin] [2025-05-18 11:10:53] Transaction committed
[18-May-2025 11:10:53 Europe/Berlin] [2025-05-18 11:10:53] Success response sent
[18-May-2025 11:11:03 Europe/Berlin] [2025-05-18 11:11:03] update_order_status.php started
[18-May-2025 11:11:03 Europe/Berlin] [2025-05-18 11:11:03] Trying DB file: ../../includes/db.php
[18-May-2025 11:11:03 Europe/Berlin] [2025-05-18 11:11:03] Successfully connected using: ../../includes/db.php
[18-May-2025 11:11:03 Europe/Berlin] [2025-05-18 11:11:03] Database connection successful
[18-May-2025 11:11:03 Europe/Berlin] [2025-05-18 11:11:03] Using POST data: Array
(
    [order_id] => 42
    [status] => completed
)

[18-May-2025 11:11:03 Europe/Berlin] [2025-05-18 11:11:03] Attempting to update order ID: 42 with status: completed
[18-May-2025 11:11:03 Europe/Berlin] [2025-05-18 11:11:03] 'orders' table exists
[18-May-2025 11:11:03 Europe/Berlin] [2025-05-18 11:11:03] Table columns: id, user_id, total_price, status, delivery_address_id, pickup_time, pickup_instructions, promo_code, promo_id, discount_amount, subtotal, delivery_fee, order_type, created_at
[18-May-2025 11:11:03 Europe/Berlin] [2025-05-18 11:11:03] WARNING: 'updated_at' column not found, will use NOW() directly
[18-May-2025 11:11:03 Europe/Berlin] [2025-05-18 11:11:03] Order with ID 42 found, proceeding with update
[18-May-2025 11:11:03 Europe/Berlin] [2025-05-18 11:11:03] Transaction started
[18-May-2025 11:11:03 Europe/Berlin] [2025-05-18 11:11:03] Executing SQL: UPDATE orders SET status = ? WHERE id = ? with params: status=completed, id=42
[18-May-2025 11:11:03 Europe/Berlin] [2025-05-18 11:11:03] Update successful. Affected rows: 0
[18-May-2025 11:11:03 Europe/Berlin] [2025-05-18 11:11:03] order_status_history table not found, skipping history logging
[18-May-2025 11:11:03 Europe/Berlin] [2025-05-18 11:11:03] Transaction committed
[18-May-2025 11:11:03 Europe/Berlin] [2025-05-18 11:11:03] Success response sent
[18-May-2025 11:11:50 Europe/Berlin] [2025-05-18 11:11:50] update_order_status.php started
[18-May-2025 11:11:51 Europe/Berlin] [2025-05-18 11:11:51] Trying DB file: ../../includes/db.php
[18-May-2025 11:11:51 Europe/Berlin] [2025-05-18 11:11:51] Successfully connected using: ../../includes/db.php
[18-May-2025 11:11:51 Europe/Berlin] [2025-05-18 11:11:51] Database connection successful
[18-May-2025 11:11:51 Europe/Berlin] [2025-05-18 11:11:51] Using POST data: Array
(
    [order_id] => 42
    [status] => delivered
)

[18-May-2025 11:11:51 Europe/Berlin] [2025-05-18 11:11:51] Attempting to update order ID: 42 with status: delivered
[18-May-2025 11:11:51 Europe/Berlin] [2025-05-18 11:11:51] 'orders' table exists
[18-May-2025 11:11:51 Europe/Berlin] [2025-05-18 11:11:51] Table columns: id, user_id, total_price, status, delivery_address_id, pickup_time, pickup_instructions, promo_code, promo_id, discount_amount, subtotal, delivery_fee, order_type, created_at
[18-May-2025 11:11:51 Europe/Berlin] [2025-05-18 11:11:51] WARNING: 'updated_at' column not found, will use NOW() directly
[18-May-2025 11:11:51 Europe/Berlin] [2025-05-18 11:11:51] Order with ID 42 found, proceeding with update
[18-May-2025 11:11:51 Europe/Berlin] [2025-05-18 11:11:51] Transaction started
[18-May-2025 11:11:51 Europe/Berlin] [2025-05-18 11:11:51] Executing SQL: UPDATE orders SET status = ? WHERE id = ? with params: status=delivered, id=42
[18-May-2025 11:11:51 Europe/Berlin] [2025-05-18 11:11:51] Update successful. Affected rows: 1
[18-May-2025 11:11:51 Europe/Berlin] [2025-05-18 11:11:51] order_status_history table not found, skipping history logging
[18-May-2025 11:11:51 Europe/Berlin] [2025-05-18 11:11:51] Transaction committed
[18-May-2025 11:11:51 Europe/Berlin] [2025-05-18 11:11:51] Success response sent
[18-May-2025 11:14:03 Europe/Berlin] [2025-05-18 11:14:03] update_order_status.php started
[18-May-2025 11:14:03 Europe/Berlin] [2025-05-18 11:14:03] Trying DB file: ../../includes/db.php
[18-May-2025 11:14:03 Europe/Berlin] [2025-05-18 11:14:03] Successfully connected using: ../../includes/db.php
[18-May-2025 11:14:03 Europe/Berlin] [2025-05-18 11:14:03] Database connection successful
[18-May-2025 11:14:03 Europe/Berlin] [2025-05-18 11:14:03] Using POST data: Array
(
    [order_id] => 42
    [status] => completed
)

[18-May-2025 11:14:03 Europe/Berlin] [2025-05-18 11:14:03] Attempting to update order ID: 42 with status: completed
[18-May-2025 11:14:03 Europe/Berlin] [2025-05-18 11:14:03] 'orders' table exists
[18-May-2025 11:14:03 Europe/Berlin] [2025-05-18 11:14:03] Table columns: id, user_id, total_price, status, delivery_address_id, pickup_time, pickup_instructions, promo_code, promo_id, discount_amount, subtotal, delivery_fee, order_type, created_at
[18-May-2025 11:14:03 Europe/Berlin] [2025-05-18 11:14:03] WARNING: 'updated_at' column not found, will use NOW() directly
[18-May-2025 11:14:03 Europe/Berlin] [2025-05-18 11:14:03] Order with ID 42 found, proceeding with update
[18-May-2025 11:14:03 Europe/Berlin] [2025-05-18 11:14:03] Transaction started
[18-May-2025 11:14:03 Europe/Berlin] [2025-05-18 11:14:03] Executing SQL: UPDATE orders SET status = ? WHERE id = ? with params: status=completed, id=42
[18-May-2025 11:14:03 Europe/Berlin] [2025-05-18 11:14:03] Update successful. Affected rows: 1
[18-May-2025 11:14:03 Europe/Berlin] [2025-05-18 11:14:03] order_status_history table not found, skipping history logging
[18-May-2025 11:14:03 Europe/Berlin] [2025-05-18 11:14:03] Transaction committed
[18-May-2025 11:14:04 Europe/Berlin] [2025-05-18 11:14:04] Success response sent
[18-May-2025 11:16:09 Europe/Berlin] [2025-05-18 11:16:09] update_order_status.php started
[18-May-2025 11:16:09 Europe/Berlin] [2025-05-18 11:16:09] Trying DB file: ../../includes/db.php
[18-May-2025 11:16:09 Europe/Berlin] [2025-05-18 11:16:09] Successfully connected using: ../../includes/db.php
[18-May-2025 11:16:09 Europe/Berlin] [2025-05-18 11:16:09] Database connection successful
[18-May-2025 11:16:09 Europe/Berlin] [2025-05-18 11:16:09] Using POST data: Array
(
    [order_id] => 42
    [status] => cancelled
)

[18-May-2025 11:16:09 Europe/Berlin] [2025-05-18 11:16:09] Attempting to update order ID: 42 with status: cancelled
[18-May-2025 11:16:09 Europe/Berlin] [2025-05-18 11:16:09] 'orders' table exists
[18-May-2025 11:16:09 Europe/Berlin] [2025-05-18 11:16:09] Table columns: id, user_id, total_price, status, delivery_address_id, pickup_time, pickup_instructions, promo_code, promo_id, discount_amount, subtotal, delivery_fee, order_type, created_at
[18-May-2025 11:16:09 Europe/Berlin] [2025-05-18 11:16:09] WARNING: 'updated_at' column not found, will use NOW() directly
[18-May-2025 11:16:09 Europe/Berlin] [2025-05-18 11:16:09] Order with ID 42 found, proceeding with update
[18-May-2025 11:16:09 Europe/Berlin] [2025-05-18 11:16:09] Transaction started
[18-May-2025 11:16:09 Europe/Berlin] [2025-05-18 11:16:09] Executing SQL: UPDATE orders SET status = ? WHERE id = ? with params: status=cancelled, id=42
[18-May-2025 11:16:09 Europe/Berlin] [2025-05-18 11:16:09] Update successful. Affected rows: 1
[18-May-2025 11:16:09 Europe/Berlin] [2025-05-18 11:16:09] order_status_history table not found, skipping history logging
[18-May-2025 11:16:09 Europe/Berlin] [2025-05-18 11:16:09] Transaction committed
[18-May-2025 11:16:09 Europe/Berlin] [2025-05-18 11:16:09] Success response sent
[18-May-2025 11:16:20 Europe/Berlin] [2025-05-18 11:16:20] update_order_status.php started
[18-May-2025 11:16:20 Europe/Berlin] [2025-05-18 11:16:20] Trying DB file: ../../includes/db.php
[18-May-2025 11:16:20 Europe/Berlin] [2025-05-18 11:16:20] Successfully connected using: ../../includes/db.php
[18-May-2025 11:16:20 Europe/Berlin] [2025-05-18 11:16:20] Database connection successful
[18-May-2025 11:16:20 Europe/Berlin] [2025-05-18 11:16:20] Using POST data: Array
(
    [order_id] => 42
    [status] => shipped
)

[18-May-2025 11:16:20 Europe/Berlin] [2025-05-18 11:16:20] Attempting to update order ID: 42 with status: shipped
[18-May-2025 11:16:20 Europe/Berlin] [2025-05-18 11:16:20] 'orders' table exists
[18-May-2025 11:16:20 Europe/Berlin] [2025-05-18 11:16:20] Table columns: id, user_id, total_price, status, delivery_address_id, pickup_time, pickup_instructions, promo_code, promo_id, discount_amount, subtotal, delivery_fee, order_type, created_at
[18-May-2025 11:16:20 Europe/Berlin] [2025-05-18 11:16:20] WARNING: 'updated_at' column not found, will use NOW() directly
[18-May-2025 11:16:20 Europe/Berlin] [2025-05-18 11:16:20] Order with ID 42 found, proceeding with update
[18-May-2025 11:16:20 Europe/Berlin] [2025-05-18 11:16:20] Transaction started
[18-May-2025 11:16:20 Europe/Berlin] [2025-05-18 11:16:20] Executing SQL: UPDATE orders SET status = ? WHERE id = ? with params: status=shipped, id=42
[18-May-2025 11:16:20 Europe/Berlin] [2025-05-18 11:16:20] Update successful. Affected rows: 1
[18-May-2025 11:16:20 Europe/Berlin] [2025-05-18 11:16:20] order_status_history table not found, skipping history logging
[18-May-2025 11:16:20 Europe/Berlin] [2025-05-18 11:16:20] Transaction committed
[18-May-2025 11:16:20 Europe/Berlin] [2025-05-18 11:16:20] Success response sent
[18-May-2025 11:18:10 Europe/Berlin] [2025-05-18 11:18:10] update_order_status.php started
[18-May-2025 11:18:10 Europe/Berlin] [2025-05-18 11:18:10] Trying DB file: ../../includes/db.php
[18-May-2025 11:18:10 Europe/Berlin] [2025-05-18 11:18:10] Successfully connected using: ../../includes/db.php
[18-May-2025 11:18:10 Europe/Berlin] [2025-05-18 11:18:10] Database connection successful
[18-May-2025 11:18:10 Europe/Berlin] [2025-05-18 11:18:10] Using POST data: Array
(
    [order_id] => 39
    [status] => delivered
)

[18-May-2025 11:18:10 Europe/Berlin] [2025-05-18 11:18:10] Attempting to update order ID: 39 with status: delivered
[18-May-2025 11:18:10 Europe/Berlin] [2025-05-18 11:18:10] 'orders' table exists
[18-May-2025 11:18:10 Europe/Berlin] [2025-05-18 11:18:10] Table columns: id, user_id, total_price, status, delivery_address_id, pickup_time, pickup_instructions, promo_code, promo_id, discount_amount, subtotal, delivery_fee, order_type, created_at
[18-May-2025 11:18:10 Europe/Berlin] [2025-05-18 11:18:10] WARNING: 'updated_at' column not found, will use NOW() directly
[18-May-2025 11:18:10 Europe/Berlin] [2025-05-18 11:18:10] Order with ID 39 found, proceeding with update
[18-May-2025 11:18:10 Europe/Berlin] [2025-05-18 11:18:10] Transaction started
[18-May-2025 11:18:10 Europe/Berlin] [2025-05-18 11:18:10] Executing SQL: UPDATE orders SET status = ? WHERE id = ? with params: status=delivered, id=39
[18-May-2025 11:18:10 Europe/Berlin] [2025-05-18 11:18:10] Update successful. Affected rows: 0
[18-May-2025 11:18:10 Europe/Berlin] [2025-05-18 11:18:10] order_status_history table not found, skipping history logging
[18-May-2025 11:18:10 Europe/Berlin] [2025-05-18 11:18:10] Transaction committed
[18-May-2025 11:18:10 Europe/Berlin] [2025-05-18 11:18:10] Success response sent
[18-May-2025 11:20:03 Europe/Berlin] [2025-05-18 11:20:03] update_order_status.php started
[18-May-2025 11:20:03 Europe/Berlin] [2025-05-18 11:20:03] Trying DB file: ../../includes/db.php
[18-May-2025 11:20:03 Europe/Berlin] [2025-05-18 11:20:03] Successfully connected using: ../../includes/db.php
[18-May-2025 11:20:03 Europe/Berlin] [2025-05-18 11:20:03] Database connection successful
[18-May-2025 11:20:03 Europe/Berlin] [2025-05-18 11:20:03] Using POST data: Array
(
    [order_id] => 42
    [status] => completed
)

[18-May-2025 11:20:03 Europe/Berlin] [2025-05-18 11:20:03] Attempting to update order ID: 42 with status: completed
[18-May-2025 11:20:03 Europe/Berlin] [2025-05-18 11:20:03] 'orders' table exists
[18-May-2025 11:20:03 Europe/Berlin] [2025-05-18 11:20:03] Table columns: id, user_id, total_price, status, delivery_address_id, pickup_time, pickup_instructions, promo_code, promo_id, discount_amount, subtotal, delivery_fee, order_type, created_at
[18-May-2025 11:20:03 Europe/Berlin] [2025-05-18 11:20:03] WARNING: 'updated_at' column not found, will use NOW() directly
[18-May-2025 11:20:03 Europe/Berlin] [2025-05-18 11:20:03] Order with ID 42 found, proceeding with update
[18-May-2025 11:20:03 Europe/Berlin] [2025-05-18 11:20:03] Transaction started
[18-May-2025 11:20:03 Europe/Berlin] [2025-05-18 11:20:03] Executing SQL: UPDATE orders SET status = ? WHERE id = ? with params: status=completed, id=42
[18-May-2025 11:20:03 Europe/Berlin] [2025-05-18 11:20:03] Update successful. Affected rows: 1
[18-May-2025 11:20:03 Europe/Berlin] [2025-05-18 11:20:03] order_status_history table not found, skipping history logging
[18-May-2025 11:20:03 Europe/Berlin] [2025-05-18 11:20:03] Transaction committed
[18-May-2025 11:20:03 Europe/Berlin] [2025-05-18 11:20:03] Success response sent
[18-May-2025 11:20:11 Europe/Berlin] [2025-05-18 11:20:11] update_order_status.php started
[18-May-2025 11:20:11 Europe/Berlin] [2025-05-18 11:20:11] Trying DB file: ../../includes/db.php
[18-May-2025 11:20:11 Europe/Berlin] [2025-05-18 11:20:11] Successfully connected using: ../../includes/db.php
[18-May-2025 11:20:11 Europe/Berlin] [2025-05-18 11:20:11] Database connection successful
[18-May-2025 11:20:11 Europe/Berlin] [2025-05-18 11:20:11] Using POST data: Array
(
    [order_id] => 36
    [status] => pending
)

[18-May-2025 11:20:11 Europe/Berlin] [2025-05-18 11:20:11] Attempting to update order ID: 36 with status: pending
[18-May-2025 11:20:11 Europe/Berlin] [2025-05-18 11:20:11] 'orders' table exists
[18-May-2025 11:20:11 Europe/Berlin] [2025-05-18 11:20:11] Table columns: id, user_id, total_price, status, delivery_address_id, pickup_time, pickup_instructions, promo_code, promo_id, discount_amount, subtotal, delivery_fee, order_type, created_at
[18-May-2025 11:20:11 Europe/Berlin] [2025-05-18 11:20:11] WARNING: 'updated_at' column not found, will use NOW() directly
[18-May-2025 11:20:11 Europe/Berlin] [2025-05-18 11:20:11] Order with ID 36 found, proceeding with update
[18-May-2025 11:20:11 Europe/Berlin] [2025-05-18 11:20:11] Transaction started
[18-May-2025 11:20:11 Europe/Berlin] [2025-05-18 11:20:11] Executing SQL: UPDATE orders SET status = ? WHERE id = ? with params: status=pending, id=36
[18-May-2025 11:20:11 Europe/Berlin] [2025-05-18 11:20:11] Update successful. Affected rows: 1
[18-May-2025 11:20:11 Europe/Berlin] [2025-05-18 11:20:11] order_status_history table not found, skipping history logging
[18-May-2025 11:20:11 Europe/Berlin] [2025-05-18 11:20:11] Transaction committed
[18-May-2025 11:20:11 Europe/Berlin] [2025-05-18 11:20:11] Success response sent
[18-May-2025 12:29:01 Europe/Berlin] [2025-05-18 12:29:01] update_order_status.php started
[18-May-2025 12:29:01 Europe/Berlin] [2025-05-18 12:29:01] Trying DB file: ../../includes/db.php
[18-May-2025 12:29:01 Europe/Berlin] [2025-05-18 12:29:01] Successfully connected using: ../../includes/db.php
[18-May-2025 12:29:01 Europe/Berlin] [2025-05-18 12:29:01] Database connection successful
[18-May-2025 12:29:01 Europe/Berlin] [2025-05-18 12:29:01] Using POST data: Array
(
    [order_id] => 41
    [status] => delivered
)

[18-May-2025 12:29:01 Europe/Berlin] [2025-05-18 12:29:01] Attempting to update order ID: 41 with status: delivered
[18-May-2025 12:29:01 Europe/Berlin] [2025-05-18 12:29:01] 'orders' table exists
[18-May-2025 12:29:01 Europe/Berlin] [2025-05-18 12:29:01] Table columns: id, user_id, total_price, status, delivery_address_id, pickup_time, pickup_instructions, promo_code, promo_id, discount_amount, subtotal, delivery_fee, order_type, created_at
[18-May-2025 12:29:01 Europe/Berlin] [2025-05-18 12:29:01] WARNING: 'updated_at' column not found, will use NOW() directly
[18-May-2025 12:29:01 Europe/Berlin] [2025-05-18 12:29:01] Order with ID 41 found, proceeding with update
[18-May-2025 12:29:01 Europe/Berlin] [2025-05-18 12:29:01] Transaction started
[18-May-2025 12:29:01 Europe/Berlin] [2025-05-18 12:29:01] Executing SQL: UPDATE orders SET status = ? WHERE id = ? with params: status=delivered, id=41
[18-May-2025 12:29:01 Europe/Berlin] [2025-05-18 12:29:01] Update successful. Affected rows: 1
[18-May-2025 12:29:01 Europe/Berlin] [2025-05-18 12:29:01] order_status_history table not found, skipping history logging
[18-May-2025 12:29:01 Europe/Berlin] [2025-05-18 12:29:01] Transaction committed
[18-May-2025 12:29:01 Europe/Berlin] [2025-05-18 12:29:01] Success response sent
[20-May-2025 17:39:34 Europe/Berlin] [2025-05-20 17:39:34] update_order_status.php started
[20-May-2025 17:39:34 Europe/Berlin] [2025-05-20 17:39:34] Trying DB file: ../../includes/db.php
[20-May-2025 17:39:34 Europe/Berlin] [2025-05-20 17:39:34] Successfully connected using: ../../includes/db.php
[20-May-2025 17:39:34 Europe/Berlin] [2025-05-20 17:39:34] Database connection successful
[20-May-2025 17:39:34 Europe/Berlin] [2025-05-20 17:39:34] Using POST data: Array
(
    [order_id] => 40
    [status] => completed
)

[20-May-2025 17:39:34 Europe/Berlin] [2025-05-20 17:39:34] Attempting to update order ID: 40 with status: completed
[20-May-2025 17:39:34 Europe/Berlin] [2025-05-20 17:39:34] 'orders' table exists
[20-May-2025 17:39:34 Europe/Berlin] [2025-05-20 17:39:34] Table columns: id, user_id, total_price, status, delivery_address_id, pickup_time, pickup_instructions, promo_code, promo_id, discount_amount, subtotal, delivery_fee, order_type, created_at
[20-May-2025 17:39:35 Europe/Berlin] [2025-05-20 17:39:34] WARNING: 'updated_at' column not found, will use NOW() directly
[20-May-2025 17:39:35 Europe/Berlin] [2025-05-20 17:39:35] Order with ID 40 found, proceeding with update
[20-May-2025 17:39:35 Europe/Berlin] [2025-05-20 17:39:35] Transaction started
[20-May-2025 17:39:35 Europe/Berlin] [2025-05-20 17:39:35] Executing SQL: UPDATE orders SET status = ? WHERE id = ? with params: status=completed, id=40
[20-May-2025 17:39:35 Europe/Berlin] [2025-05-20 17:39:35] Update successful. Affected rows: 1
[20-May-2025 17:39:35 Europe/Berlin] [2025-05-20 17:39:35] order_status_history table not found, skipping history logging
[20-May-2025 17:39:35 Europe/Berlin] [2025-05-20 17:39:35] Transaction committed
[20-May-2025 17:39:35 Europe/Berlin] [2025-05-20 17:39:35] Success response sent
[20-May-2025 17:39:43 Europe/Berlin] [2025-05-20 17:39:43] update_order_status.php started
[20-May-2025 17:39:43 Europe/Berlin] [2025-05-20 17:39:43] Trying DB file: ../../includes/db.php
[20-May-2025 17:39:43 Europe/Berlin] [2025-05-20 17:39:43] Successfully connected using: ../../includes/db.php
[20-May-2025 17:39:43 Europe/Berlin] [2025-05-20 17:39:43] Database connection successful
[20-May-2025 17:39:43 Europe/Berlin] [2025-05-20 17:39:43] Using POST data: Array
(
    [order_id] => 37
    [status] => completed
)

[20-May-2025 17:39:43 Europe/Berlin] [2025-05-20 17:39:43] Attempting to update order ID: 37 with status: completed
[20-May-2025 17:39:43 Europe/Berlin] [2025-05-20 17:39:43] 'orders' table exists
[20-May-2025 17:39:43 Europe/Berlin] [2025-05-20 17:39:43] Table columns: id, user_id, total_price, status, delivery_address_id, pickup_time, pickup_instructions, promo_code, promo_id, discount_amount, subtotal, delivery_fee, order_type, created_at
[20-May-2025 17:39:43 Europe/Berlin] [2025-05-20 17:39:43] WARNING: 'updated_at' column not found, will use NOW() directly
[20-May-2025 17:39:43 Europe/Berlin] [2025-05-20 17:39:43] Order with ID 37 found, proceeding with update
[20-May-2025 17:39:43 Europe/Berlin] [2025-05-20 17:39:43] Transaction started
[20-May-2025 17:39:43 Europe/Berlin] [2025-05-20 17:39:43] Executing SQL: UPDATE orders SET status = ? WHERE id = ? with params: status=completed, id=37
[20-May-2025 17:39:43 Europe/Berlin] [2025-05-20 17:39:43] Update successful. Affected rows: 1
[20-May-2025 17:39:43 Europe/Berlin] [2025-05-20 17:39:43] order_status_history table not found, skipping history logging
[20-May-2025 17:39:43 Europe/Berlin] [2025-05-20 17:39:43] Transaction committed
[20-May-2025 17:39:43 Europe/Berlin] [2025-05-20 17:39:43] Success response sent
[23-May-2025 12:25:32 Europe/Berlin] [2025-05-23 12:25:32] update_order_status.php started
[23-May-2025 12:25:32 Europe/Berlin] [2025-05-23 12:25:32] Trying DB file: ../../includes/db.php
[23-May-2025 12:25:32 Europe/Berlin] [2025-05-23 12:25:32] Successfully connected using: ../../includes/db.php
[23-May-2025 12:25:32 Europe/Berlin] [2025-05-23 12:25:32] Database connection successful
[23-May-2025 12:25:32 Europe/Berlin] [2025-05-23 12:25:32] Using POST data: Array
(
    [order_id] => 47
    [status] => processing
)

[23-May-2025 12:25:32 Europe/Berlin] [2025-05-23 12:25:32] Attempting to update order ID: 47 with status: processing
[23-May-2025 12:25:32 Europe/Berlin] [2025-05-23 12:25:32] 'orders' table exists
[23-May-2025 12:25:32 Europe/Berlin] [2025-05-23 12:25:32] Table columns: id, user_id, total_price, status, delivery_address_id, pickup_time, pickup_instructions, promo_code, promo_id, discount_amount, subtotal, delivery_fee, order_type, created_at
[23-May-2025 12:25:32 Europe/Berlin] [2025-05-23 12:25:32] WARNING: 'updated_at' column not found, will use NOW() directly
[23-May-2025 12:25:32 Europe/Berlin] [2025-05-23 12:25:32] Order with ID 47 found, proceeding with update
[23-May-2025 12:25:32 Europe/Berlin] [2025-05-23 12:25:32] Transaction started
[23-May-2025 12:25:32 Europe/Berlin] [2025-05-23 12:25:32] Executing SQL: UPDATE orders SET status = ? WHERE id = ? with params: status=processing, id=47
[23-May-2025 12:25:32 Europe/Berlin] [2025-05-23 12:25:32] Update successful. Affected rows: 1
[23-May-2025 12:25:32 Europe/Berlin] [2025-05-23 12:25:32] order_status_history table not found, skipping history logging
[23-May-2025 12:25:32 Europe/Berlin] [2025-05-23 12:25:32] Transaction committed
[23-May-2025 12:25:32 Europe/Berlin] [2025-05-23 12:25:32] Success response sent
[23-May-2025 12:25:37 Europe/Berlin] [2025-05-23 12:25:37] update_order_status.php started
[23-May-2025 12:25:37 Europe/Berlin] [2025-05-23 12:25:37] Trying DB file: ../../includes/db.php
[23-May-2025 12:25:37 Europe/Berlin] [2025-05-23 12:25:37] Successfully connected using: ../../includes/db.php
[23-May-2025 12:25:37 Europe/Berlin] [2025-05-23 12:25:37] Database connection successful
[23-May-2025 12:25:37 Europe/Berlin] [2025-05-23 12:25:37] Using POST data: Array
(
    [order_id] => 46
    [status] => shipped
)

[23-May-2025 12:25:37 Europe/Berlin] [2025-05-23 12:25:37] Attempting to update order ID: 46 with status: shipped
[23-May-2025 12:25:37 Europe/Berlin] [2025-05-23 12:25:37] 'orders' table exists
[23-May-2025 12:25:37 Europe/Berlin] [2025-05-23 12:25:37] Table columns: id, user_id, total_price, status, delivery_address_id, pickup_time, pickup_instructions, promo_code, promo_id, discount_amount, subtotal, delivery_fee, order_type, created_at
[23-May-2025 12:25:37 Europe/Berlin] [2025-05-23 12:25:37] WARNING: 'updated_at' column not found, will use NOW() directly
[23-May-2025 12:25:37 Europe/Berlin] [2025-05-23 12:25:37] Order with ID 46 found, proceeding with update
[23-May-2025 12:25:37 Europe/Berlin] [2025-05-23 12:25:37] Transaction started
[23-May-2025 12:25:37 Europe/Berlin] [2025-05-23 12:25:37] Executing SQL: UPDATE orders SET status = ? WHERE id = ? with params: status=shipped, id=46
[23-May-2025 12:25:37 Europe/Berlin] [2025-05-23 12:25:37] Update successful. Affected rows: 1
[23-May-2025 12:25:37 Europe/Berlin] [2025-05-23 12:25:37] order_status_history table not found, skipping history logging
[23-May-2025 12:25:37 Europe/Berlin] [2025-05-23 12:25:37] Transaction committed
[23-May-2025 12:25:37 Europe/Berlin] [2025-05-23 12:25:37] Success response sent
[23-May-2025 12:25:42 Europe/Berlin] [2025-05-23 12:25:42] update_order_status.php started
[23-May-2025 12:25:42 Europe/Berlin] [2025-05-23 12:25:42] Trying DB file: ../../includes/db.php
[23-May-2025 12:25:42 Europe/Berlin] [2025-05-23 12:25:42] Successfully connected using: ../../includes/db.php
[23-May-2025 12:25:42 Europe/Berlin] [2025-05-23 12:25:42] Database connection successful
[23-May-2025 12:25:42 Europe/Berlin] [2025-05-23 12:25:42] Using POST data: Array
(
    [order_id] => 45
    [status] => delivered
)

[23-May-2025 12:25:42 Europe/Berlin] [2025-05-23 12:25:42] Attempting to update order ID: 45 with status: delivered
[23-May-2025 12:25:42 Europe/Berlin] [2025-05-23 12:25:42] 'orders' table exists
[23-May-2025 12:25:42 Europe/Berlin] [2025-05-23 12:25:42] Table columns: id, user_id, total_price, status, delivery_address_id, pickup_time, pickup_instructions, promo_code, promo_id, discount_amount, subtotal, delivery_fee, order_type, created_at
[23-May-2025 12:25:42 Europe/Berlin] [2025-05-23 12:25:42] WARNING: 'updated_at' column not found, will use NOW() directly
[23-May-2025 12:25:42 Europe/Berlin] [2025-05-23 12:25:42] Order with ID 45 found, proceeding with update
[23-May-2025 12:25:42 Europe/Berlin] [2025-05-23 12:25:42] Transaction started
[23-May-2025 12:25:42 Europe/Berlin] [2025-05-23 12:25:42] Executing SQL: UPDATE orders SET status = ? WHERE id = ? with params: status=delivered, id=45
[23-May-2025 12:25:42 Europe/Berlin] [2025-05-23 12:25:42] Update successful. Affected rows: 1
[23-May-2025 12:25:42 Europe/Berlin] [2025-05-23 12:25:42] order_status_history table not found, skipping history logging
[23-May-2025 12:25:42 Europe/Berlin] [2025-05-23 12:25:42] Transaction committed
[23-May-2025 12:25:42 Europe/Berlin] [2025-05-23 12:25:42] Success response sent
[23-May-2025 12:25:46 Europe/Berlin] [2025-05-23 12:25:46] update_order_status.php started
[23-May-2025 12:25:46 Europe/Berlin] [2025-05-23 12:25:46] Trying DB file: ../../includes/db.php
[23-May-2025 12:25:46 Europe/Berlin] [2025-05-23 12:25:46] Successfully connected using: ../../includes/db.php
[23-May-2025 12:25:46 Europe/Berlin] [2025-05-23 12:25:46] Database connection successful
[23-May-2025 12:25:46 Europe/Berlin] [2025-05-23 12:25:46] Using POST data: Array
(
    [order_id] => 44
    [status] => completed
)

[23-May-2025 12:25:46 Europe/Berlin] [2025-05-23 12:25:46] Attempting to update order ID: 44 with status: completed
[23-May-2025 12:25:46 Europe/Berlin] [2025-05-23 12:25:46] 'orders' table exists
[23-May-2025 12:25:46 Europe/Berlin] [2025-05-23 12:25:46] Table columns: id, user_id, total_price, status, delivery_address_id, pickup_time, pickup_instructions, promo_code, promo_id, discount_amount, subtotal, delivery_fee, order_type, created_at
[23-May-2025 12:25:46 Europe/Berlin] [2025-05-23 12:25:46] WARNING: 'updated_at' column not found, will use NOW() directly
[23-May-2025 12:25:46 Europe/Berlin] [2025-05-23 12:25:46] Order with ID 44 found, proceeding with update
[23-May-2025 12:25:46 Europe/Berlin] [2025-05-23 12:25:46] Transaction started
[23-May-2025 12:25:46 Europe/Berlin] [2025-05-23 12:25:46] Executing SQL: UPDATE orders SET status = ? WHERE id = ? with params: status=completed, id=44
[23-May-2025 12:25:46 Europe/Berlin] [2025-05-23 12:25:46] Update successful. Affected rows: 1
[23-May-2025 12:25:46 Europe/Berlin] [2025-05-23 12:25:46] order_status_history table not found, skipping history logging
[23-May-2025 12:25:46 Europe/Berlin] [2025-05-23 12:25:46] Transaction committed
[23-May-2025 12:25:46 Europe/Berlin] [2025-05-23 12:25:46] Success response sent
[23-May-2025 14:18:10 Europe/Berlin] [2025-05-23 14:18:10] update_order_status.php started
[23-May-2025 14:18:10 Europe/Berlin] [2025-05-23 14:18:10] Trying DB file: ../../includes/db.php
[23-May-2025 14:18:10 Europe/Berlin] [2025-05-23 14:18:10] Successfully connected using: ../../includes/db.php
[23-May-2025 14:18:10 Europe/Berlin] [2025-05-23 14:18:10] Database connection successful
[23-May-2025 14:18:10 Europe/Berlin] [2025-05-23 14:18:10] Using POST data: Array
(
    [order_id] => 48
    [status] => delivered
)

[23-May-2025 14:18:10 Europe/Berlin] [2025-05-23 14:18:10] Attempting to update order ID: 48 with status: delivered
[23-May-2025 14:18:10 Europe/Berlin] [2025-05-23 14:18:10] 'orders' table exists
[23-May-2025 14:18:10 Europe/Berlin] [2025-05-23 14:18:10] Table columns: id, user_id, total_price, status, delivery_address_id, pickup_time, pickup_instructions, promo_code, promo_id, discount_amount, subtotal, delivery_fee, order_type, created_at
[23-May-2025 14:18:10 Europe/Berlin] [2025-05-23 14:18:10] WARNING: 'updated_at' column not found, will use NOW() directly
[23-May-2025 14:18:10 Europe/Berlin] [2025-05-23 14:18:10] Order with ID 48 found, proceeding with update
[23-May-2025 14:18:10 Europe/Berlin] [2025-05-23 14:18:10] Transaction started
[23-May-2025 14:18:10 Europe/Berlin] [2025-05-23 14:18:10] Executing SQL: UPDATE orders SET status = ? WHERE id = ? with params: status=delivered, id=48
[23-May-2025 14:18:10 Europe/Berlin] [2025-05-23 14:18:10] Update successful. Affected rows: 1
[23-May-2025 14:18:10 Europe/Berlin] [2025-05-23 14:18:10] order_status_history table not found, skipping history logging
[23-May-2025 14:18:10 Europe/Berlin] [2025-05-23 14:18:10] Transaction committed
[23-May-2025 14:18:10 Europe/Berlin] [2025-05-23 14:18:10] Success response sent
[25-May-2025 08:14:04 Europe/Berlin] [2025-05-25 08:14:04] update_order_status.php started
[25-May-2025 08:14:04 Europe/Berlin] [2025-05-25 08:14:04] Trying DB file: ../../includes/db.php
[25-May-2025 08:14:04 Europe/Berlin] [2025-05-25 08:14:04] Successfully connected using: ../../includes/db.php
[25-May-2025 08:14:04 Europe/Berlin] [2025-05-25 08:14:04] Database connection successful
[25-May-2025 08:14:04 Europe/Berlin] [2025-05-25 08:14:04] Using POST data: Array
(
    [order_id] => 47
    [status] => cancelled
)

[25-May-2025 08:14:04 Europe/Berlin] [2025-05-25 08:14:04] Attempting to update order ID: 47 with status: cancelled
[25-May-2025 08:14:04 Europe/Berlin] [2025-05-25 08:14:04] 'orders' table exists
[25-May-2025 08:14:04 Europe/Berlin] [2025-05-25 08:14:04] Table columns: id, user_id, total_price, status, delivery_address_id, pickup_time, pickup_instructions, promo_code, promo_id, discount_amount, subtotal, delivery_fee, order_type, created_at
[25-May-2025 08:14:04 Europe/Berlin] [2025-05-25 08:14:04] WARNING: 'updated_at' column not found, will use NOW() directly
[25-May-2025 08:14:04 Europe/Berlin] [2025-05-25 08:14:04] Order with ID 47 found, proceeding with update
[25-May-2025 08:14:04 Europe/Berlin] [2025-05-25 08:14:04] Transaction started
[25-May-2025 08:14:04 Europe/Berlin] [2025-05-25 08:14:04] Executing SQL: UPDATE orders SET status = ? WHERE id = ? with params: status=cancelled, id=47
[25-May-2025 08:14:04 Europe/Berlin] [2025-05-25 08:14:04] Update successful. Affected rows: 1
[25-May-2025 08:14:04 Europe/Berlin] [2025-05-25 08:14:04] order_status_history table not found, skipping history logging
[25-May-2025 08:14:04 Europe/Berlin] [2025-05-25 08:14:04] Transaction committed
[25-May-2025 08:14:04 Europe/Berlin] [2025-05-25 08:14:04] Success response sent
[25-May-2025 22:08:36 Europe/Berlin] [2025-05-25 22:08:36] update_order_status.php started
[25-May-2025 22:08:36 Europe/Berlin] [2025-05-25 22:08:36] Trying DB file: ../../includes/db.php
[25-May-2025 22:08:36 Europe/Berlin] [2025-05-25 22:08:36] Successfully connected using: ../../includes/db.php
[25-May-2025 22:08:36 Europe/Berlin] [2025-05-25 22:08:36] Database connection successful
[25-May-2025 22:08:36 Europe/Berlin] [2025-05-25 22:08:36] Using POST data: Array
(
    [order_id] => 52
    [status] => delivered
)

[25-May-2025 22:08:36 Europe/Berlin] [2025-05-25 22:08:36] Attempting to update order ID: 52 with status: delivered
[25-May-2025 22:08:36 Europe/Berlin] [2025-05-25 22:08:36] 'orders' table exists
[25-May-2025 22:08:36 Europe/Berlin] [2025-05-25 22:08:36] Table columns: id, user_id, total_price, status, delivery_address_id, pickup_time, pickup_instructions, promo_code, promo_id, discount_amount, subtotal, delivery_fee, order_type, created_at
[25-May-2025 22:08:36 Europe/Berlin] [2025-05-25 22:08:36] WARNING: 'updated_at' column not found, will use NOW() directly
[25-May-2025 22:08:36 Europe/Berlin] [2025-05-25 22:08:36] Order with ID 52 found, proceeding with update
[25-May-2025 22:08:36 Europe/Berlin] [2025-05-25 22:08:36] Transaction started
[25-May-2025 22:08:36 Europe/Berlin] [2025-05-25 22:08:36] Executing SQL: UPDATE orders SET status = ? WHERE id = ? with params: status=delivered, id=52
[25-May-2025 22:08:36 Europe/Berlin] [2025-05-25 22:08:36] Update successful. Affected rows: 1
[25-May-2025 22:08:36 Europe/Berlin] [2025-05-25 22:08:36] order_status_history table not found, skipping history logging
[25-May-2025 22:08:36 Europe/Berlin] [2025-05-25 22:08:36] Transaction committed
[25-May-2025 22:08:36 Europe/Berlin] [2025-05-25 22:08:36] Success response sent
[25-May-2025 22:08:41 Europe/Berlin] [2025-05-25 22:08:41] update_order_status.php started
[25-May-2025 22:08:41 Europe/Berlin] [2025-05-25 22:08:41] Trying DB file: ../../includes/db.php
[25-May-2025 22:08:41 Europe/Berlin] [2025-05-25 22:08:41] Successfully connected using: ../../includes/db.php
[25-May-2025 22:08:41 Europe/Berlin] [2025-05-25 22:08:41] Database connection successful
[25-May-2025 22:08:41 Europe/Berlin] [2025-05-25 22:08:41] Using POST data: Array
(
    [order_id] => 51
    [status] => delivered
)

[25-May-2025 22:08:41 Europe/Berlin] [2025-05-25 22:08:41] Attempting to update order ID: 51 with status: delivered
[25-May-2025 22:08:41 Europe/Berlin] [2025-05-25 22:08:41] 'orders' table exists
[25-May-2025 22:08:41 Europe/Berlin] [2025-05-25 22:08:41] Table columns: id, user_id, total_price, status, delivery_address_id, pickup_time, pickup_instructions, promo_code, promo_id, discount_amount, subtotal, delivery_fee, order_type, created_at
[25-May-2025 22:08:41 Europe/Berlin] [2025-05-25 22:08:41] WARNING: 'updated_at' column not found, will use NOW() directly
[25-May-2025 22:08:41 Europe/Berlin] [2025-05-25 22:08:41] Order with ID 51 found, proceeding with update
[25-May-2025 22:08:41 Europe/Berlin] [2025-05-25 22:08:41] Transaction started
[25-May-2025 22:08:41 Europe/Berlin] [2025-05-25 22:08:41] Executing SQL: UPDATE orders SET status = ? WHERE id = ? with params: status=delivered, id=51
[25-May-2025 22:08:41 Europe/Berlin] [2025-05-25 22:08:41] Update successful. Affected rows: 1
[25-May-2025 22:08:41 Europe/Berlin] [2025-05-25 22:08:41] order_status_history table not found, skipping history logging
[25-May-2025 22:08:41 Europe/Berlin] [2025-05-25 22:08:41] Transaction committed
[25-May-2025 22:08:41 Europe/Berlin] [2025-05-25 22:08:41] Success response sent
[25-May-2025 22:08:46 Europe/Berlin] [2025-05-25 22:08:46] update_order_status.php started
[25-May-2025 22:08:46 Europe/Berlin] [2025-05-25 22:08:46] Trying DB file: ../../includes/db.php
[25-May-2025 22:08:46 Europe/Berlin] [2025-05-25 22:08:46] Successfully connected using: ../../includes/db.php
[25-May-2025 22:08:46 Europe/Berlin] [2025-05-25 22:08:46] Database connection successful
[25-May-2025 22:08:46 Europe/Berlin] [2025-05-25 22:08:46] Using POST data: Array
(
    [order_id] => 49
    [status] => completed
)

[25-May-2025 22:08:46 Europe/Berlin] [2025-05-25 22:08:46] Attempting to update order ID: 49 with status: completed
[25-May-2025 22:08:46 Europe/Berlin] [2025-05-25 22:08:46] 'orders' table exists
[25-May-2025 22:08:46 Europe/Berlin] [2025-05-25 22:08:46] Table columns: id, user_id, total_price, status, delivery_address_id, pickup_time, pickup_instructions, promo_code, promo_id, discount_amount, subtotal, delivery_fee, order_type, created_at
[25-May-2025 22:08:46 Europe/Berlin] [2025-05-25 22:08:46] WARNING: 'updated_at' column not found, will use NOW() directly
[25-May-2025 22:08:46 Europe/Berlin] [2025-05-25 22:08:46] Order with ID 49 found, proceeding with update
[25-May-2025 22:08:46 Europe/Berlin] [2025-05-25 22:08:46] Transaction started
[25-May-2025 22:08:46 Europe/Berlin] [2025-05-25 22:08:46] Executing SQL: UPDATE orders SET status = ? WHERE id = ? with params: status=completed, id=49
[25-May-2025 22:08:46 Europe/Berlin] [2025-05-25 22:08:46] Update successful. Affected rows: 1
[25-May-2025 22:08:46 Europe/Berlin] [2025-05-25 22:08:46] order_status_history table not found, skipping history logging
[25-May-2025 22:08:46 Europe/Berlin] [2025-05-25 22:08:46] Transaction committed
[25-May-2025 22:08:46 Europe/Berlin] [2025-05-25 22:08:46] Success response sent
[26-May-2025 06:19:59 Europe/Berlin] [2025-05-26 06:19:59] update_order_status.php started
[26-May-2025 06:19:59 Europe/Berlin] [2025-05-26 06:19:59] Trying DB file: ../../includes/db.php
[26-May-2025 06:19:59 Europe/Berlin] [2025-05-26 06:19:59] Successfully connected using: ../../includes/db.php
[26-May-2025 06:19:59 Europe/Berlin] [2025-05-26 06:19:59] Database connection successful
[26-May-2025 06:19:59 Europe/Berlin] [2025-05-26 06:19:59] Using POST data: Array
(
    [order_id] => 20
    [status] => delivered
)

[26-May-2025 06:19:59 Europe/Berlin] [2025-05-26 06:19:59] Attempting to update order ID: 20 with status: delivered
[26-May-2025 06:19:59 Europe/Berlin] [2025-05-26 06:19:59] 'orders' table exists
[26-May-2025 06:19:59 Europe/Berlin] [2025-05-26 06:19:59] Table columns: id, user_id, total_price, status, delivery_address_id, pickup_time, pickup_instructions, promo_code, promo_id, discount_amount, subtotal, delivery_fee, order_type, created_at
[26-May-2025 06:19:59 Europe/Berlin] [2025-05-26 06:19:59] WARNING: 'updated_at' column not found, will use NOW() directly
[26-May-2025 06:19:59 Europe/Berlin] [2025-05-26 06:19:59] Order with ID 20 found, proceeding with update
[26-May-2025 06:19:59 Europe/Berlin] [2025-05-26 06:19:59] Transaction started
[26-May-2025 06:19:59 Europe/Berlin] [2025-05-26 06:19:59] Executing SQL: UPDATE orders SET status = ? WHERE id = ? with params: status=delivered, id=20
[26-May-2025 06:19:59 Europe/Berlin] [2025-05-26 06:19:59] Update successful. Affected rows: 1
[26-May-2025 06:19:59 Europe/Berlin] [2025-05-26 06:19:59] order_status_history table not found, skipping history logging
[26-May-2025 06:19:59 Europe/Berlin] [2025-05-26 06:19:59] Transaction committed
[26-May-2025 06:19:59 Europe/Berlin] [2025-05-26 06:19:59] Success response sent
[26-May-2025 12:30:33 Europe/Berlin] [2025-05-26 12:30:33] update_order_status.php started
[26-May-2025 12:30:33 Europe/Berlin] [2025-05-26 12:30:33] Trying DB file: ../../includes/db.php
[26-May-2025 12:30:33 Europe/Berlin] [2025-05-26 12:30:33] Successfully connected using: ../../includes/db.php
[26-May-2025 12:30:33 Europe/Berlin] [2025-05-26 12:30:33] Database connection successful
[26-May-2025 12:30:33 Europe/Berlin] [2025-05-26 12:30:33] Using POST data: Array
(
    [order_id] => 56
    [status] => processing
)

[26-May-2025 12:30:33 Europe/Berlin] [2025-05-26 12:30:33] Attempting to update order ID: 56 with status: processing
[26-May-2025 12:30:33 Europe/Berlin] [2025-05-26 12:30:33] 'orders' table exists
[26-May-2025 12:30:33 Europe/Berlin] [2025-05-26 12:30:33] Table columns: id, user_id, total_price, status, delivery_address_id, pickup_time, pickup_instructions, promo_code, promo_id, discount_amount, subtotal, delivery_fee, order_type, created_at
[26-May-2025 12:30:33 Europe/Berlin] [2025-05-26 12:30:33] WARNING: 'updated_at' column not found, will use NOW() directly
[26-May-2025 12:30:33 Europe/Berlin] [2025-05-26 12:30:33] Order with ID 56 found, proceeding with update
[26-May-2025 12:30:33 Europe/Berlin] [2025-05-26 12:30:33] Transaction started
[26-May-2025 12:30:33 Europe/Berlin] [2025-05-26 12:30:33] Executing SQL: UPDATE orders SET status = ? WHERE id = ? with params: status=processing, id=56
[26-May-2025 12:30:33 Europe/Berlin] [2025-05-26 12:30:33] Update successful. Affected rows: 1
[26-May-2025 12:30:33 Europe/Berlin] [2025-05-26 12:30:33] order_status_history table not found, skipping history logging
[26-May-2025 12:30:33 Europe/Berlin] [2025-05-26 12:30:33] Transaction committed
[26-May-2025 12:30:33 Europe/Berlin] [2025-05-26 12:30:33] Success response sent
