Request: Array
(
    [action] => get_single
    [id] => 16
)

Request: Array
(
    [action] => get_single
    [id] => 16
)

Request: Array
(
    [action] => get_single
    [id] => 16
)

Request: Array
(
    [action] => get_single
    [id] => 16
)

Request: Array
(
    [name] => Bisfino Tea Biscuit with Cacoa Topping & Orange Pieces
    [category_id] => 1
    [price] => 3.00
    [stock] => 28
    [description] => Tea, biscuits, cookies, orange, chocolate
    [tag] => none
    [sale_price] => 
    [id] => 16
    [action] => update
)

Request: Array
(
    [action] => get_single
    [id] => 16
)

Request: Array
(
    [name] => Bisfino Tea Biscuit with Cacoa Topping & Orange Pieces
    [category_id] => 1
    [price] => 3.00
    [stock] => 28
    [description] => Tea, biscuits, cookies, orange, chocolate
    [tag] => none
    [sale_price] => 
    [id] => 16
    [action] => update
)

Request: Array
(
    [action] => get_single
    [id] => 16
)

Request: Array
(
    [name] => Bisfino Tea Biscuit with Cacoa Topping & Orange Pieces
    [category_id] => 1
    [price] => 3.00
    [stock] => 25
    [description] => Tea, biscuits, cookies, orange, chocolate
    [tag] => none
    [sale_price] => 
    [id] => 16
    [action] => update
)

Request: Array
(
    [action] => get_single
    [id] => 16
)

Request: Array
(
    [name] => Bisfino Tea Biscuit with Cacoa Topping & Orange Pieces
    [category_id] => 1
    [price] => 3.00
    [stock] => 25
    [description] => Tea, biscuits, cookies, orange, chocolate
    [tag] => none
    [sale_price] => 
    [id] => 16
    [action] => update
)

Request: Array
(
    [action] => get_single
    [id] => 16
)

Request: Array
(
    [name] => Bisfino Tea Biscuit with Cacoa Topping & Orange Pieces
    [category_id] => 1
    [price] => 3.00
    [stock] => 27
    [description] => Tea, biscuits, cookies, orange, chocolate
    [tag] => none
    [sale_price] => 
    [id] => 16
    [action] => update
)

Request: Array
(
    [action] => get_single
    [id] => 16
)

Request: Array
(
    [name] => Bisfino Tea Biscuit with Cacoa Topping & Orange Pieces
    [category_id] => 1
    [price] => 3.00
    [stock] => 27
    [description] => Tea, biscuits, cookies, orange, chocolate
    [tag] => none
    [sale_price] => 
    [id] => 16
    [action] => update
)

Request: Array
(
    [action] => get_single
    [id] => 16
)

Request: Array
(
    [name] => Bisfino Tea Biscuit with Cacoa Topping & Orange Pieces
    [category_id] => 1
    [price] => 3.00
    [stock] => 27
    [description] => Tea, biscuits, cookies, orange, chocolate
    [tag] => none
    [sale_price] => 
    [id] => 16
    [action] => update
)

Request: Array
(
    [action] => get_single
    [id] => 16
)

Request: Array
(
    [action] => get_single
    [id] => 16
)

Request: Array
(
    [action] => get_single
    [id] => 16
)

